

Starting up. 01:22.26
---------------------
Dear Diary....


[01:22:26]ADMIN: Loading jobban_rank
[01:22:26]ADMIN: jobban_keylist was empty
[01:22:26]ADMIN: Updating jobbanfile!
[01:22:26]ADMIN: Loading Banlist


Starting up. 01:23.34
---------------------
Dear Diary....


[01:23:41]ADMIN: Loading jobban_rank
[01:23:41]ADMIN: jobban_keylist was empty
[01:23:41]ADMIN: Updating jobbanfile!
[01:23:41]ADMIN: Loading Banlist
[01:24:42]ADMIN: S_Sting has started the game.
[01:24:46]ADMIN: S_Sting has started the game.
[01:24:46]ACCESS: Logout: *no client*/(S_Sting)
[01:24:46]ACCESS: Login: S_Sting/(Percival Robertson) from 127.0.0.1
[01:25:13]ADMIN: S_Sting/(Percival Robertson) spawned /obj/item/device/remair at (69,141,2)
[01:25:19]ACCESS: Logout: S_Sting/(Percival Robertson)
[01:25:56]ACCESS: Logout: S_Sting/(S_Sting)


Starting up. 01:28.55
---------------------
Dear Diary....


[01:28:55]ADMIN: Loading jobban_rank
[01:28:55]ADMIN: jobban_keylist was empty
[01:28:55]ADMIN: Updating jobbanfile!
[01:28:55]ADMIN: Loading Banlist
[01:30:09]ADMIN: S_Sting has started the game.
[01:30:13]ADMIN: S_Sting has started the game.
[01:30:14]ACCESS: Logout: *no client*/(S_Sting)
[01:30:14]ACCESS: Login: S_Sting/(Percival Robertson) from 127.0.0.1
[01:30:30]ADMIN: S_Sting/(Percival Robertson) spawned /obj/item/device/remair at (66,142,2)
[01:31:51]ACCESS: Logout: S_Sting/(Percival Robertson)


Starting up. 01:35.35
---------------------
Dear Diary....


[01:35:35]ADMIN: Loading jobban_rank
[01:35:35]ADMIN: jobban_keylist was empty
[01:35:35]ADMIN: Updating jobbanfile!
[01:35:35]ADMIN: Loading Banlist
[01:36:57]ADMIN: S_Sting has started the game.
[01:36:59]ADMIN: S_Sting has started the game.
[01:37:00]ACCESS: Logout: *no client*/(S_Sting)
[01:37:00]ACCESS: Login: S_Sting/(Percival Robertson) from 127.0.0.1
[01:37:45]ADMIN: S_Sting/(Percival Robertson) jumped to 105,134,2 in Bridge
[01:37:49]ADMIN: S_Sting/(Percival Robertson) deleted Captain's Quarters at (106,132,2)
[01:37:58]ADMIN: S_Sting/(Percival Robertson) jumped to 100,127,2 in Captain's Quarters
[01:38:04]SAY: Ian/ : Woof!
[01:38:09]ACCESS: Logout: S_Sting/(Percival Robertson)
[01:41:38]ACCESS: Login: S_Sting/(Percival Robertson) from 127.0.0.1
[01:41:45]ACCESS: Logout: S_Sting/(Percival Robertson)


Starting up. 02:06.46
---------------------
Dear Diary....


[02:06:46]ADMIN: Loading jobban_rank
[02:06:46]ADMIN: jobban_keylist was empty
[02:06:46]ADMIN: Updating jobbanfile!
[02:06:46]ADMIN: Loading Banlist
[02:12:28]ADMIN: S_Sting has started the game.
[02:12:28]ACCESS: Logout: *no client*/(S_Sting)
[02:12:28]ACCESS: Login: S_Sting/(Percival Robertson) from 127.0.0.1
[02:13:29]ADMIN: S_Sting/(Percival Robertson) spawned /obj/item/weapon/melee/baton at (55,144,2)
[02:13:59]ACCESS: Logout: S_Sting/(Percival Robertson)


Starting up. 03:02.01
---------------------
Dear Diary....


[03:02:01]ADMIN: Loading jobban_rank
[03:02:01]ADMIN: jobban_keylist was empty
[03:02:01]ADMIN: Updating jobbanfile!
[03:02:01]ADMIN: Loading Banlist
[03:11:29]ADMIN: S_Sting has started the game.
[03:11:32]ADMIN: S_Sting has started the game.
[03:11:32]ACCESS: Logout: *no client*/(S_Sting)
[03:11:32]ACCESS: Login: S_Sting/(Percival Robertson) from 127.0.0.1
[03:12:14]SAY: Ian/ : Woof!
[03:12:42]ADMIN: S_Sting/(Percival Robertson) spawned /obj/item/weapon/melee/baton at (54,144,2)
[03:16:54]GAME: SQL ERROR during player polling. Failed to connect.
[03:18:01]GAME: SQL ERROR during admin polling. Failed to connect.
[03:19:59]ACCESS: Logout: S_Sting/(Percival Robertson)
[03:21:23]ACCESS: Login: S_Sting/(Percival Robertson) from 127.0.0.1
[03:26:26]SAY: Ian/ : AUUUUUU
[03:26:32]SAY: Ian/ : Bark!
[03:27:51]ACCESS: Logout: S_Sting/(Percival Robertson)


Starting up. 12:37.10
---------------------
Dear Diary....


[12:37:10]ADMIN: Loading jobban_rank
[12:37:10]ADMIN: jobban_keylist was empty
[12:37:10]ADMIN: Updating jobbanfile!
[12:37:10]ADMIN: Loading Banlist
[12:37:59]ACCESS: Logout: Guest-1323850029/(Guest-1323850029)
[12:38:21]ADMIN: S_Sting has started the game.
[12:39:50]ACCESS: Logout: *no client*/(S_Sting)
[12:39:50]ACCESS: Login: S_Sting/(Percival Robertson) from 127.0.0.1
[12:40:58]SAY: Ian/ : Bark!
[12:41:01]SAY: Ian/ : Woof!
[12:41:30]ACCESS: Logout: S_Sting/(Percival Robertson)
[12:42:55]ACCESS: Login: S_Sting/(Percival Robertson) from 127.0.0.1
[12:42:58]ACCESS: Logout: S_Sting/(Percival Robertson)


Starting up. 12:53.53
---------------------
Dear Diary....


[12:53:53]ADMIN: Loading jobban_rank
[12:53:53]ADMIN: jobban_keylist was empty
[12:53:53]ADMIN: Updating jobbanfile!
[12:53:53]ADMIN: Loading Banlist
[12:55:17]ADMIN: S_Sting has started the game.
[12:55:17]ACCESS: Logout: *no client*/(S_Sting)
[12:55:17]ACCESS: Login: S_Sting/(Percival Robertson) from 127.0.0.1
[12:56:01]SAY: Ian/ : AUUUUUU
[12:56:27]ACCESS: Logout: S_Sting/(Percival Robertson)


Starting up. 13:33.08
---------------------
Dear Diary....


[13:33:08]ADMIN: Loading jobban_rank
[13:33:08]ADMIN: jobban_keylist was empty
[13:33:08]ADMIN: Updating jobbanfile!
[13:33:08]ADMIN: Loading Banlist


Starting up. 13:36.07
---------------------
Dear Diary....


[13:36:07]ADMIN: Loading jobban_rank
[13:36:07]ADMIN: jobban_keylist was empty
[13:36:07]ADMIN: Updating jobbanfile!
[13:36:07]ADMIN: Loading Banlist
[13:37:11]ADMIN: S_Sting has started the game.
[13:37:16]ADMIN: S_Sting has started the game.
[13:37:17]ACCESS: Logout: *no client*/(S_Sting)
[13:37:17]ACCESS: Login: S_Sting/(Percival Robertson) from 127.0.0.1
[13:38:36]ADMIN: S_Sting/(Percival Robertson) spawned /obj/item/weapon/gun/energy/laser/retro at (71,146,1)
[13:38:41]ADMIN: S_Sting/(Percival Robertson) spawned /obj/item/weapon/gun/energy/laser at (72,146,1)
[13:38:47]ADMIN: S_Sting/(Percival Robertson) spawned /obj/item/weapon/gun/energy/laser at (70,146,1)
[13:39:05]SAY: Ian/ : Woof!
[13:39:19]ADMIN: S_Sting/(Percival Robertson) spawned /obj/item/weapon/gun/energy/laser at (71,146,1)
[13:39:22]ACCESS: Logout: S_Sting/(Percival Robertson)


Starting up. 13:45.22
---------------------
Dear Diary....


[13:45:22]ADMIN: Loading jobban_rank
[13:45:22]ADMIN: jobban_keylist was empty
[13:45:22]ADMIN: Updating jobbanfile!
[13:45:23]ADMIN: Loading Banlist
[13:50:08]ADMIN: S_Sting has started the game.
[13:50:12]ADMIN: S_Sting has started the game.
[13:50:12]ACCESS: Logout: *no client*/(S_Sting)
[13:50:12]ACCESS: Login: S_Sting/(Percival Robertson) from 127.0.0.1
[13:50:31]ADMIN: S_Sting/(Percival Robertson) spawned /obj/item/weapon/gun/energy/laser/retro at (68,145,1)
[13:50:43]ADMIN: S_Sting/(Percival Robertson) spawned /obj/item/weapon/gun/energy/laser/retro at (71,146,1)
[13:50:49]ADMIN: S_Sting/(Percival Robertson) spawned /obj/item/weapon/gun/energy/laser/retro at (72,146,1)
[13:51:09]SAY: Ian/ : Woof!
[13:51:56]ACCESS: Logout: S_Sting/(Percival Robertson)


Starting up. 14:00.48
---------------------
Dear Diary....


[14:00:48]ADMIN: Loading jobban_rank
[14:00:48]ADMIN: jobban_keylist was empty
[14:00:48]ADMIN: Updating jobbanfile!
[14:00:48]ADMIN: Loading Banlist
[14:04:41]ADMIN: S_Sting has started the game.
[14:04:43]ADMIN: S_Sting has started the game.
[14:04:44]ACCESS: Logout: *no client*/(S_Sting)
[14:04:44]ACCESS: Login: S_Sting/(Percival Robertson) from 127.0.0.1
[14:04:48]ADMIN: S_Sting/(Percival Robertson) jumped to 70,141,1 in Port Primary Hallway
[14:05:07]ADMIN: S_Sting/(Percival Robertson) spawned /obj/item/weapon/gun/energy/laser/retro at (82,141,1)
[14:05:12]ADMIN: S_Sting/(Percival Robertson) spawned /obj/item/weapon/gun/energy/laser/retro at (81,141,1)
[14:05:28]ADMIN: S_Sting/(Percival Robertson) spawned /obj/item/weapon/gun/energy/laser at (79,141,1)
[14:05:38]ADMIN: S_Sting/(Percival Robertson) spawned /obj/item/weapon/gun/energy/laser/retro at (77,141,1)
[14:05:49]ADMIN: S_Sting/(Percival Robertson) spawned /obj/item/weapon/gun/energy/laser/captain at (76,141,1)
[14:06:05]ADMIN: S_Sting/(Percival Robertson) spawned /obj/item/weapon/gun/energy/laser/retro at (76,141,1)
[14:06:15]ADMIN: S_Sting/(Percival Robertson) spawned /obj/item/weapon/gun/energy/laser/retro at (77,141,1)
[14:06:30]ADMIN: S_Sting/(Percival Robertson) spawned /obj/item/weapon/gun/energy/laser/practice at (82,140,1)
[14:06:36]SAY: Ian/ : Bark!
[14:06:40]ADMIN: S_Sting/(Percival Robertson) spawned /obj/item/weapon/gun/energy/laser/practice at (83,142,1)
[14:07:44]ACCESS: Logout: S_Sting/(Percival Robertson)
[14:37:39]ACCESS: Login: S_Sting/(Percival Robertson) from 127.0.0.1
[14:37:43]ACCESS: Logout: S_Sting/(Percival Robertson)


Starting up. 14:56.23
---------------------
Dear Diary....


[14:56:23]ADMIN: Loading jobban_rank
[14:56:23]ADMIN: jobban_keylist was empty
[14:56:23]ADMIN: Updating jobbanfile!
[14:56:23]ADMIN: Loading Banlist
[14:57:51]ADMIN: S_Sting has started the game.
[14:57:57]ADMIN: S_Sting has started the game.
[14:57:58]ACCESS: Logout: *no client*/(S_Sting)
[14:57:58]ACCESS: Login: S_Sting/(Percival Robertson) from 127.0.0.1
[14:58:16]ADMIN: S_Sting/(Percival Robertson) jumped to 69,142,1 in Port Primary Hallway
[15:01:59]ACCESS: Logout: S_Sting/(Percival Robertson)


Starting up. 16:02.05
---------------------
Dear Diary....


[16:02:05]ADMIN: Loading jobban_rank
[16:02:05]ADMIN: jobban_keylist was empty
[16:02:05]ADMIN: Updating jobbanfile!
[16:02:05]ADMIN: Loading Banlist
[16:03:11]ADMIN: S_Sting has started the game.
[16:03:12]ACCESS: Logout: *no client*/(S_Sting)
[16:03:12]ACCESS: Login: S_Sting/(Percival Robertson) from 127.0.0.1
[16:03:55]ACCESS: Logout: S_Sting/(Percival Robertson)


Starting up. 16:06.51
---------------------
Dear Diary....


[16:06:51]ADMIN: Loading jobban_rank
[16:06:51]ADMIN: jobban_keylist was empty
[16:06:51]ADMIN: Updating jobbanfile!
[16:06:51]ADMIN: Loading Banlist
[16:09:01]ADMIN: S_Sting has started the game.
[16:09:02]ACCESS: Logout: *no client*/(S_Sting)
[16:09:02]ACCESS: Login: S_Sting/(Percival Robertson) from 127.0.0.1
[16:11:49]EMOTE: Percival Robertson/S_Sting : <B>Percival Robertson</B> gasps!
[16:12:02]EMOTE: Percival Robertson/S_Sting : <B>Percival Robertson</B> gasps!
[16:12:25]EMOTE: Percival Robertson/S_Sting : <B>Percival Robertson</B> gasps!
[16:12:27]EMOTE: Percival Robertson/S_Sting : <B>Percival Robertson</B> seizes up and falls limp, his eyes dead and lifeless...
[16:12:28]GAME: SQL ERROR during death reporting. Failed to connect.
[16:12:28]GAME: Traitor S_Sting/(Percival Robertson) has died.
[16:13:05]GAME: Rebooting because of no live players
[16:13:05]ACCESS: Logout: S_Sting/(Percival Robertson)


Starting up. 16:14.22
---------------------
Dear Diary....


[16:14:22]ADMIN: Loading jobban_rank
[16:14:22]ADMIN: jobban_keylist was empty
[16:14:22]ADMIN: Updating jobbanfile!
[16:14:22]ADMIN: Loading Banlist
[17:15:55]ADMIN: S_Sting has started the game.
[17:15:58]ADMIN: S_Sting has started the game.
[17:15:58]ACCESS: Logout: *no client*/(S_Sting)
[17:15:58]ACCESS: Login: S_Sting/(Percival Robertson) from 127.0.0.1
[17:21:24]GAME: SQL ERROR during player polling. Failed to connect.
[17:22:29]GAME: SQL ERROR during admin polling. Failed to connect.
[17:22:35]ACCESS: Logout: S_Sting/(Percival Robertson)


Starting up. 17:32.53
---------------------
Dear Diary....


[17:32:53]ADMIN: Loading jobban_rank
[17:32:53]ADMIN: jobban_keylist was empty
[17:32:53]ADMIN: Updating jobbanfile!
[17:32:53]ADMIN: Loading Banlist


Starting up. 17:42.02
---------------------
Dear Diary....


[17:42:02]ADMIN: Loading jobban_rank
[17:42:02]ADMIN: jobban_keylist was empty
[17:42:02]ADMIN: Updating jobbanfile!
[17:42:02]ADMIN: Loading Banlist
[17:44:13]ADMIN: S_Sting has started the game.
[17:44:41]ADMIN: S_Sting has started the game.
[17:44:41]ACCESS: Logout: *no client*/(S_Sting)
[17:44:41]ACCESS: Login: S_Sting/(Percival Robertson) from 127.0.0.1
[17:44:43]SAY: Ian/ : Bark!
[17:45:25]SAY: Ian/ : Bark!
[17:45:52]ADMIN: S_Sting/(Percival Robertson) jumped to 159,114,1 in Medbay
[17:46:00]ADMIN: S_Sting/(Percival Robertson) jumped to 172,113,1 in Genetics
[17:46:06]ADMIN: S_Sting/(Percival Robertson) jumped to 169,114,1 in Genetics
[17:46:08]ADMIN: S_Sting/(Percival Robertson) jumped to 165,115,1 in Medbay
[17:46:12]ADMIN: S_Sting/(Percival Robertson) jumped to 167,126,1 in Chemistry
[17:46:14]ADMIN: S_Sting/(Percival Robertson) jumped to 163,129,1 in Starboard Primary Hallway
[17:50:04]GAME: SQL ERROR during player polling. Failed to connect.
[17:51:09]GAME: SQL ERROR during admin polling. Failed to connect.
[17:52:32]SAY: Ian/ : YAP
[17:55:38]SAY: Ian/ : Bark!
[17:55:54]ADMIN: S_Sting/(Percival Robertson) jumped to 103,135,1 in Bridge
[17:55:57]ADMIN: S_Sting/(Percival Robertson) jumped to 107,133,1 in Bridge
[17:56:02]ADMIN: S_Sting/(Percival Robertson) deleted Captain's Quarters at (106,132,1)
[17:56:49]ADMIN: S_Sting/(Percival Robertson) deleted Captain's Quarters at (106,124,1)
[17:56:54]ADMIN: S_Sting/(Percival Robertson) deleted Teleport Access at (106,121,1)
[17:57:03]ADMIN: S_Sting/(Percival Robertson) deleted Teleport Access at (99,118,1)
[17:57:16]ADMIN: S_Sting/(Percival Robertson) jumped to 101,126,1 in Captain's Quarters
[17:57:20]ADMIN: S_Sting/(Percival Robertson) jumped to 104,126,1 in Captain's Quarters
[18:01:12]SAY: Ian/ : AUUUUUU
[18:01:40]SAY: Ian/ : Woof!
[18:01:46]GAME: SQL ERROR during player polling. Failed to connect.
[18:02:39]ACCESS: Logout: S_Sting/(Percival Robertson)


Starting up. 18:24.28
---------------------
Dear Diary....


[18:24:28]ADMIN: Loading jobban_rank
[18:24:28]ADMIN: jobban_keylist was empty
[18:24:28]ADMIN: Updating jobbanfile!
[18:24:28]ADMIN: Loading Banlist


Starting up. 18:27.16
---------------------
Dear Diary....


[18:27:16]ADMIN: Loading jobban_rank
[18:27:16]ADMIN: jobban_keylist was empty
[18:27:16]ADMIN: Updating jobbanfile!
[18:27:16]ADMIN: Loading Banlist
[18:29:41]ADMIN: S_Sting has started the game.
[18:29:43]ADMIN: S_Sting has started the game.
[18:29:44]ACCESS: Logout: *no client*/(S_Sting)
[18:29:44]ACCESS: Login: S_Sting/(Percival Robertson) from 127.0.0.1
[18:31:10]SAY: Ian/ : AUUUUUU
[18:31:45]ACCESS: Logout: S_Sting/(Percival Robertson)


Starting up. 18:35.45
---------------------
Dear Diary....


[18:35:45]ADMIN: Loading jobban_rank
[18:35:45]ADMIN: jobban_keylist was empty
[18:35:45]ADMIN: Updating jobbanfile!
[18:35:45]ADMIN: Loading Banlist
[18:36:47]ADMIN: S_Sting has started the game.
[18:36:52]ADMIN: S_Sting has started the game.
[18:36:52]ACCESS: Logout: *no client*/(S_Sting)
[18:36:52]ACCESS: Login: S_Sting/(Percival Robertson) from 127.0.0.1
[18:42:19]GAME: SQL ERROR during player polling. Failed to connect.
[18:43:24]GAME: SQL ERROR during admin polling. Failed to connect.
[18:46:03]ACCESS: Logout: S_Sting/(Percival Robertson)
[21:27:20]ACCESS: Login: S_Sting/(Percival Robertson) from 127.0.0.1
[21:31:24]SAY: Ian/ : Woof!
[21:35:28]GAME: SQL ERROR during player polling. Failed to connect.
[21:35:36]SAY: Ian/ : Woof!
[21:36:32]GAME: SQL ERROR during admin polling. Failed to connect.
[21:41:06]ACCESS: Logout: S_Sting/(Percival Robertson)
[22:36:36]ACCESS: Login: S_Sting/(Percival Robertson) from 127.0.0.1
[22:36:41]ACCESS: Logout: S_Sting/(Percival Robertson)
