

Starting up. 01:19.01
---------------------
Dear Diary....


[01:19:01]ADMIN: Loading jobban_rank
[01:19:01]ADMIN: jobban_keylist was empty
[01:19:01]ADMIN: Updating jobbanfile!
[01:19:01]ADMIN: Loading Banlist
[01:20:33]ADMIN: S_Sting has started the game.
[01:20:33]ACCESS: Logout: *no client*/(S_Sting)
[01:20:33]ACCESS: Login: S_Sting/(Percival Robertson) from 127.0.0.1
[01:38:18]ACCESS: Logout: S_Sting/(Percival Robertson)


Starting up. 01:43.29
---------------------
Dear Diary....


[01:43:29]ADMIN: Loading jobban_rank
[01:43:29]ADMIN: jobban_keylist was empty
[01:43:29]ADMIN: Updating jobbanfile!
[01:43:29]ADMIN: Loading Banlist
[01:47:40]ADMIN: S_Sting has started the game.
[01:47:44]ADMIN: S_Sting has started the game.
[01:47:44]ACCESS: Logout: *no client*/(S_Sting)
[01:47:44]ACCESS: Login: S_Sting/(Percival Robertson) from 127.0.0.1
[01:48:01]ACCESS: Logout: S_Sting/(Percival Robertson)


Starting up. 01:52.08
---------------------
Dear Diary....


[01:52:08]ADMIN: Loading jobban_rank
[01:52:08]ADMIN: jobban_keylist was empty
[01:52:08]ADMIN: Updating jobbanfile!
[01:52:08]ADMIN: Loading Banlist
[01:57:59]ADMIN: S_Sting has started the game.
[01:58:02]ADMIN: S_Sting has started the game.
[01:58:03]ACCESS: Logout: *no client*/(S_Sting)
[01:58:03]ACCESS: Login: S_Sting/(Percival Robertson) from 127.0.0.1
[01:59:02]ACCESS: Logout: S_Sting/(Percival Robertson)


Starting up. 02:04.45
---------------------
Dear Diary....


[02:04:45]ADMIN: Loading jobban_rank
[02:04:45]ADMIN: jobban_keylist was empty
[02:04:45]ADMIN: Updating jobbanfile!
[02:04:45]ADMIN: Loading Banlist
[02:07:35]ADMIN: S_Sting has started the game.
[02:07:38]ADMIN: S_Sting has started the game.
[02:07:38]ACCESS: Logout: *no client*/(S_Sting)
[02:07:38]ACCESS: Login: S_Sting/(Percival Robertson) from 127.0.0.1
[02:08:54]ACCESS: Logout: S_Sting/(Percival Robertson)


Starting up. 02:12.49
---------------------
Dear Diary....


[02:12:49]ADMIN: Loading jobban_rank
[02:12:49]ADMIN: jobban_keylist was empty
[02:12:49]ADMIN: Updating jobbanfile!
[02:12:49]ADMIN: Loading Banlist
[02:16:09]ADMIN: S_Sting has started the game.
[02:16:12]ADMIN: S_Sting has started the game.
[02:16:12]ACCESS: Logout: *no client*/(S_Sting)
[02:16:12]ACCESS: Login: S_Sting/(Percival Robertson) from 127.0.0.1
[02:17:33]ACCESS: Logout: S_Sting/(Percival Robertson)


Starting up. 02:30.58
---------------------
Dear Diary....


[02:30:58]ADMIN: Loading jobban_rank
[02:30:58]ADMIN: jobban_keylist was empty
[02:30:58]ADMIN: Updating jobbanfile!
[02:30:58]ADMIN: Loading Banlist
[02:31:51]ADMIN: S_Sting has started the game.
[02:31:54]ADMIN: S_Sting has started the game.
[02:31:55]ACCESS: Logout: *no client*/(S_Sting)
[02:31:55]ACCESS: Login: S_Sting/(Percival Robertson) from 127.0.0.1
[02:33:23]ACCESS: Logout: S_Sting/(Percival Robertson)


Starting up. 02:38.52
---------------------
Dear Diary....


[02:38:52]ADMIN: Loading jobban_rank
[02:38:52]ADMIN: jobban_keylist was empty
[02:38:52]ADMIN: Updating jobbanfile!
[02:38:52]ADMIN: Loading Banlist
[02:40:48]ADMIN: S_Sting has started the game.
[02:40:49]ACCESS: Logout: *no client*/(S_Sting)
[02:40:49]ACCESS: Login: S_Sting/(Percival Robertson) from 127.0.0.1
[02:43:22]ACCESS: Logout: S_Sting/(Percival Robertson)


Starting up. 02:47.29
---------------------
Dear Diary....


[02:47:29]ADMIN: Loading jobban_rank
[02:47:29]ADMIN: jobban_keylist was empty
[02:47:29]ADMIN: Updating jobbanfile!
[02:47:29]ADMIN: Loading Banlist
[02:49:12]ADMIN: S_Sting has started the game.
[02:49:16]ADMIN: S_Sting has started the game.
[02:49:16]ACCESS: Logout: *no client*/(S_Sting)
[02:49:16]ACCESS: Login: S_Sting/(Percival Robertson) from 127.0.0.1
[02:50:29]SAY: Ian/ : AUUUUUU
[02:54:34]GAME: SQL ERROR during player polling. Failed to connect.
[02:54:44]ACCESS: Logout: S_Sting/(Percival Robertson)


Starting up. 02:59.38
---------------------
Dear Diary....


[02:59:38]ADMIN: Loading jobban_rank
[02:59:38]ADMIN: jobban_keylist was empty
[02:59:38]ADMIN: Updating jobbanfile!
[02:59:38]ADMIN: Loading Banlist
[03:02:40]ADMIN: S_Sting has started the game.
[03:02:43]ADMIN: S_Sting has started the game.
[03:02:43]ACCESS: Logout: *no client*/(S_Sting)
[03:02:43]ACCESS: Login: S_Sting/(Percival Robertson) from 127.0.0.1
[03:03:30]SAY: Ian/ : Bark!
[03:08:00]GAME: SQL ERROR during player polling. Failed to connect.
[03:08:58]SAY: Ian/ : YAP
[03:09:05]GAME: SQL ERROR during admin polling. Failed to connect.
[03:10:49]ACCESS: Logout: S_Sting/(Percival Robertson)


Starting up. 03:19.05
---------------------
Dear Diary....


[03:19:05]ADMIN: Loading jobban_rank
[03:19:05]ADMIN: jobban_keylist was empty
[03:19:05]ADMIN: Updating jobbanfile!
[03:19:05]ADMIN: Loading Banlist
[03:20:21]ADMIN: S_Sting has started the game.
[03:20:24]ADMIN: S_Sting has started the game.
[03:20:25]ACCESS: Logout: *no client*/(S_Sting)
[03:20:25]ACCESS: Login: S_Sting/(Percival Robertson) from 127.0.0.1
[03:21:28]ACCESS: Logout: S_Sting/(Percival Robertson)


Starting up. 03:52.41
---------------------
Dear Diary....


[03:52:41]ADMIN: Loading jobban_rank
[03:52:41]ADMIN: jobban_keylist was empty
[03:52:41]ADMIN: Updating jobbanfile!
[03:52:41]ADMIN: Loading Banlist
[03:54:35]ADMIN: S_Sting has started the game.
[03:54:38]ADMIN: S_Sting has started the game.
[03:54:39]ACCESS: Logout: *no client*/(S_Sting)
[03:54:39]ACCESS: Login: S_Sting/(Percival Robertson) from 127.0.0.1
[03:57:28]SAY: Ian/ : AUUUUUU
[03:57:50]ACCESS: Logout: S_Sting/(Percival Robertson)


Starting up. 04:06.30
---------------------
Dear Diary....


[04:06:30]ADMIN: Loading jobban_rank
[04:06:30]ADMIN: jobban_keylist was empty
[04:06:30]ADMIN: Updating jobbanfile!
[04:06:30]ADMIN: Loading Banlist
[04:09:12]ADMIN: S_Sting has started the game.
[04:09:12]ACCESS: Logout: *no client*/(S_Sting)
[04:09:12]ACCESS: Login: S_Sting/(Percival Robertson) from 127.0.0.1
[04:09:56]ACCESS: Logout: S_Sting/(Percival Robertson)


Starting up. 04:17.10
---------------------
Dear Diary....


[04:17:10]ADMIN: Loading jobban_rank
[04:17:10]ADMIN: jobban_keylist was empty
[04:17:10]ADMIN: Updating jobbanfile!
[04:17:10]ADMIN: Loading Banlist
[04:18:16]ADMIN: S_Sting has started the game.
[04:18:18]ADMIN: S_Sting has started the game.
[04:18:19]ACCESS: Logout: *no client*/(S_Sting)
[04:18:19]ACCESS: Login: S_Sting/(Percival Robertson) from 127.0.0.1
[04:19:19]ACCESS: Logout: S_Sting/(Percival Robertson)


Starting up. 04:30.18
---------------------
Dear Diary....


[04:30:18]ADMIN: Loading jobban_rank
[04:30:18]ADMIN: jobban_keylist was empty
[04:30:18]ADMIN: Updating jobbanfile!
[04:30:18]ADMIN: Loading Banlist
[04:31:22]ADMIN: S_Sting has started the game.
[04:31:26]ADMIN: S_Sting has started the game.
[04:31:27]ACCESS: Logout: *no client*/(S_Sting)
[04:31:27]ACCESS: Login: S_Sting/(Percival Robertson) from 127.0.0.1
[04:31:54]ACCESS: Logout: S_Sting/(Percival Robertson)


Starting up. 04:34.58
---------------------
Dear Diary....


[04:34:58]ADMIN: Loading jobban_rank
[04:34:58]ADMIN: jobban_keylist was empty
[04:34:58]ADMIN: Updating jobbanfile!
[04:34:58]ADMIN: Loading Banlist
[04:36:37]ADMIN: S_Sting has started the game.
[04:36:39]ADMIN: S_Sting has started the game.
[04:36:40]ACCESS: Logout: *no client*/(S_Sting)
[04:36:40]ACCESS: Login: S_Sting/(Percival Robertson) from 127.0.0.1
[04:37:03]ACCESS: Logout: S_Sting/(Percival Robertson)


Starting up. 04:40.14
---------------------
Dear Diary....


[04:40:14]ADMIN: Loading jobban_rank
[04:40:14]ADMIN: jobban_keylist was empty
[04:40:14]ADMIN: Updating jobbanfile!
[04:40:14]ADMIN: Loading Banlist
[04:41:24]ADMIN: S_Sting has started the game.
[04:41:26]ADMIN: S_Sting has started the game.
[04:41:26]ACCESS: Logout: *no client*/(S_Sting)
[04:41:26]ACCESS: Login: S_Sting/(Percival Robertson) from 127.0.0.1
[04:43:05]ACCESS: Logout: S_Sting/(Percival Robertson)
[04:46:29]ACCESS: Login: S_Sting/(Percival Robertson) from 127.0.0.1
[04:46:33]ACCESS: Logout: S_Sting/(Percival Robertson)


Starting up. 04:48.38
---------------------
Dear Diary....


[04:48:38]ADMIN: Loading jobban_rank
[04:48:38]ADMIN: jobban_keylist was empty
[04:48:38]ADMIN: Updating jobbanfile!
[04:48:38]ADMIN: Loading Banlist
[04:49:38]ADMIN: S_Sting has started the game.
[04:49:40]ADMIN: S_Sting has started the game.
[04:49:41]ACCESS: Logout: *no client*/(S_Sting)
[04:49:41]ACCESS: Login: S_Sting/(Percival Robertson) from 127.0.0.1


Starting up. 04:56.55
---------------------
Dear Diary....


[04:56:55]ADMIN: Loading jobban_rank
[04:56:55]ADMIN: jobban_keylist was empty
[04:56:55]ADMIN: Updating jobbanfile!
[04:56:55]ADMIN: Loading Banlist
[04:58:02]ADMIN: S_Sting has started the game.
[04:58:03]ACCESS: Logout: *no client*/(S_Sting)
[04:58:03]ACCESS: Login: S_Sting/(Percival Robertson) from 127.0.0.1
[04:58:31]SAY: Ian/ : YAP
[04:59:11]SAY: Ian/ : Woof!
[05:00:50]ACCESS: Logout: S_Sting/(Percival Robertson)


Starting up. 14:24.47
---------------------
Dear Diary....


[14:24:47]ADMIN: Loading jobban_rank
[14:24:47]ADMIN: jobban_keylist was empty
[14:24:47]ADMIN: Updating jobbanfile!
[14:24:47]ADMIN: Loading Banlist
[14:25:17]ACCESS: Logout: Guest-1323850029/(Guest-1323850029)
[14:27:06]ADMIN: S_Sting has started the game.
[14:27:06]ACCESS: Logout: *no client*/(S_Sting)
[14:27:06]ACCESS: Login: S_Sting/(Percival Robertson) from 127.0.0.1
[14:29:07]ACCESS: Logout: S_Sting/(Percival Robertson)


Starting up. 14:36.27
---------------------
Dear Diary....


[14:36:27]ADMIN: Loading jobban_rank
[14:36:27]ADMIN: jobban_keylist was empty
[14:36:27]ADMIN: Updating jobbanfile!
[14:36:27]ADMIN: Loading Banlist
[14:38:13]ADMIN: S_Sting has started the game.
[14:38:14]ACCESS: Logout: *no client*/(S_Sting)
[14:38:14]ACCESS: Login: S_Sting/(Percival Robertson) from 127.0.0.1
[14:40:07]ACCESS: Logout: S_Sting/(Percival Robertson)


Starting up. 14:44.30
---------------------
Dear Diary....


[14:44:30]ADMIN: Loading jobban_rank
[14:44:30]ADMIN: jobban_keylist was empty
[14:44:30]ADMIN: Updating jobbanfile!
[14:44:30]ADMIN: Loading Banlist
[14:45:40]ADMIN: S_Sting has started the game.
[14:45:41]ACCESS: Logout: *no client*/(S_Sting)
[14:45:41]ACCESS: Login: S_Sting/(Percival Robertson) from 127.0.0.1
[14:46:16]ACCESS: Logout: S_Sting/(Percival Robertson)


Starting up. 14:54.55
---------------------
Dear Diary....


[14:54:56]ADMIN: Loading jobban_rank
[14:54:56]ADMIN: jobban_keylist was empty
[14:54:56]ADMIN: Updating jobbanfile!
[14:54:56]ADMIN: Loading Banlist
[14:55:56]ADMIN: S_Sting has started the game.
[14:55:59]ADMIN: S_Sting has started the game.
[14:56:00]ACCESS: Logout: *no client*/(S_Sting)
[14:56:00]ACCESS: Login: S_Sting/(Percival Robertson) from 127.0.0.1
[14:56:27]ACCESS: Logout: S_Sting/(Percival Robertson)


Starting up. 15:04.24
---------------------
Dear Diary....


[15:04:24]ADMIN: Loading jobban_rank
[15:04:24]ADMIN: jobban_keylist was empty
[15:04:24]ADMIN: Updating jobbanfile!
[15:04:24]ADMIN: Loading Banlist
[15:08:05]ADMIN: S_Sting has started the game.
[15:08:05]ACCESS: Logout: *no client*/(S_Sting)
[15:08:05]ACCESS: Login: S_Sting/(Percival Robertson) from 127.0.0.1
[15:08:07]SAY: Ian/ : Woof!


Starting up. 15:11.33
---------------------
Dear Diary....


[15:11:33]ADMIN: Loading jobban_rank
[15:11:33]ADMIN: jobban_keylist was empty
[15:11:33]ADMIN: Updating jobbanfile!
[15:11:33]ADMIN: Loading Banlist
[15:12:29]ADMIN: S_Sting has started the game.
[15:12:31]ADMIN: S_Sting has started the game.
[15:12:32]ACCESS: Logout: *no client*/(S_Sting)
[15:12:32]ACCESS: Login: S_Sting/(Percival Robertson) from 127.0.0.1
[15:16:34]SAY: Ian/ : YAP
[15:16:43]SAY: Ian/ : Woof!
[15:16:52]ACCESS: Logout: S_Sting/(Percival Robertson)


Starting up. 15:19.43
---------------------
Dear Diary....


[15:19:43]ADMIN: Loading jobban_rank
[15:19:43]ADMIN: jobban_keylist was empty
[15:19:43]ADMIN: Updating jobbanfile!
[15:19:43]ADMIN: Loading Banlist
[15:22:02]ADMIN: S_Sting has started the game.
[15:22:04]ADMIN: S_Sting has started the game.
[15:22:05]ACCESS: Logout: *no client*/(S_Sting)
[15:22:05]ACCESS: Login: S_Sting/(Percival Robertson) from 127.0.0.1


Starting up. 15:25.45
---------------------
Dear Diary....


[15:25:45]ADMIN: Loading jobban_rank
[15:25:45]ADMIN: jobban_keylist was empty
[15:25:45]ADMIN: Updating jobbanfile!
[15:25:45]ADMIN: Loading Banlist
[15:27:30]ADMIN: S_Sting has started the game.
[15:27:31]ACCESS: Logout: *no client*/(S_Sting)
[15:27:31]ACCESS: Login: S_Sting/(Percival Robertson) from 127.0.0.1
[15:27:48]ACCESS: Logout: S_Sting/(Percival Robertson)


Starting up. 15:35.38
---------------------
Dear Diary....


[15:35:38]ADMIN: Loading jobban_rank
[15:35:38]ADMIN: jobban_keylist was empty
[15:35:38]ADMIN: Updating jobbanfile!
[15:35:38]ADMIN: Loading Banlist
[15:37:48]ADMIN: S_Sting has started the game.
[15:37:49]ACCESS: Logout: *no client*/(S_Sting)
[15:37:49]ACCESS: Login: S_Sting/(Percival Robertson) from 127.0.0.1
[15:38:51]ACCESS: Logout: S_Sting/(Percival Robertson)
[15:47:38]ACCESS: Login: S_Sting/(Percival Robertson) from 127.0.0.1
[15:48:30]ACCESS: Logout: S_Sting/(Percival Robertson)


Starting up. 15:53.55
---------------------
Dear Diary....


[15:53:55]ADMIN: Loading jobban_rank
[15:53:55]ADMIN: jobban_keylist was empty
[15:53:55]ADMIN: Updating jobbanfile!
[15:53:55]ADMIN: Loading Banlist
[15:56:31]ADMIN: S_Sting has started the game.
[15:56:32]ACCESS: Logout: *no client*/(S_Sting)
[15:56:32]ACCESS: Login: S_Sting/(Percival Robertson) from 127.0.0.1
[15:57:17]ADMIN: S_Sting/(Percival Robertson) deleted Maintenance Access at (66,147,1)
[15:57:22]EMOTE: Percival Robertson/S_Sting : <B>Percival Robertson</B> gasps!
[15:57:29]EMOTE: Percival Robertson/S_Sting : <B>Percival Robertson</B> gasps!
[15:57:56]ACCESS: Logout: S_Sting/(Percival Robertson)


Starting up. 16:02.31
---------------------
Dear Diary....


[16:02:31]ADMIN: Loading jobban_rank
[16:02:31]ADMIN: jobban_keylist was empty
[16:02:31]ADMIN: Updating jobbanfile!
[16:02:31]ADMIN: Loading Banlist
[16:04:29]ADMIN: S_Sting has started the game.
[16:04:30]ACCESS: Logout: *no client*/(S_Sting)
[16:04:30]ACCESS: Login: S_Sting/(Percival Robertson) from 127.0.0.1
[16:04:39]ADMIN: S_Sting/(Percival Robertson) deleted Maintenance Access at (66,147,1)
[16:05:07]ACCESS: Logout: S_Sting/(Percival Robertson)
[16:33:00]ACCESS: Login: S_Sting/(Percival Robertson) from 127.0.0.1
[16:33:07]ACCESS: Logout: S_Sting/(Percival Robertson)


Starting up. 17:12.46
---------------------
Dear Diary....


[17:12:46]ADMIN: Loading jobban_rank
[17:12:46]ADMIN: jobban_keylist was empty
[17:12:46]ADMIN: Updating jobbanfile!
[17:12:46]ADMIN: Loading Banlist
[17:17:25]ADMIN: S_Sting has started the game.
[17:17:25]ACCESS: Logout: *no client*/(S_Sting)
[17:17:25]ACCESS: Login: S_Sting/(Percival Robertson) from 127.0.0.1
[17:17:56]ADMIN: S_Sting/(Percival Robertson) deleted Maintenance Access at (82,143,1)
[17:17:59]SAY: Ian/ : AUUUUUU
[17:18:10]ADMIN: S_Sting/(Percival Robertson) deleted Maintenance Access at (77,147,1)
[17:18:30]ADMIN: S_Sting/(Percival Robertson) deleted Tech Storage at (83,146,1)
[17:21:03]ACCESS: Logout: S_Sting/(Percival Robertson)
[17:26:37]ACCESS: Login: S_Sting/(Percival Robertson) from 127.0.0.1
[17:26:47]SAY: Ian/ : Bark!
[17:27:10]ADMIN: S_Sting/(Percival Robertson) modified mechanical toolbox's w_class to 20
[17:27:15]SAY: Ian/ : YAP
[17:27:20]ADMIN: S_Sting/(Percival Robertson) modified mechanical toolbox's w_class to 30
[17:27:30]ADMIN: S_Sting/(Percival Robertson) modified mechanical toolbox's w_class to 50
[17:27:38]ADMIN: S_Sting/(Percival Robertson) modified mechanical toolbox's w_class to 200
[17:28:14]GAME: SQL ERROR during player polling. Failed to connect.
[17:28:24]ACCESS: Logout: S_Sting/(Percival Robertson)


Starting up. 17:32.41
---------------------
Dear Diary....


[17:32:41]ADMIN: Loading jobban_rank
[17:32:41]ADMIN: jobban_keylist was empty
[17:32:41]ADMIN: Updating jobbanfile!
[17:32:41]ADMIN: Loading Banlist
[17:34:23]ADMIN: S_Sting has started the game.
[17:34:26]ADMIN: S_Sting has started the game.
[17:34:26]ACCESS: Logout: *no client*/(S_Sting)
[17:34:26]ACCESS: Login: S_Sting/(Percival Robertson) from 127.0.0.1
[17:35:59]SAY: Ian/ : YAP
[17:39:40]GAME: SQL ERROR during player polling. Failed to connect.
[17:40:43]GAME: SQL ERROR during admin polling. Failed to connect.
[17:42:10]ADMIN: S_Sting/(Percival Robertson) modified Black Shoes's w_class to 200
[17:42:47]ACCESS: Logout: S_Sting/(Percival Robertson)
[17:53:47]ACCESS: Login: S_Sting/(Percival Robertson) from 127.0.0.1
[17:53:49]ACCESS: Logout: S_Sting/(Percival Robertson)


Starting up. 18:00.54
---------------------
Dear Diary....


[18:00:54]ADMIN: Loading jobban_rank
[18:00:54]ADMIN: jobban_keylist was empty
[18:00:54]ADMIN: Updating jobbanfile!
[18:00:54]ADMIN: Loading Banlist
[18:03:13]ADMIN: S_Sting has started the game.
[18:03:14]ACCESS: Logout: *no client*/(S_Sting)
[18:03:14]ACCESS: Login: S_Sting/(Percival Robertson) from 127.0.0.1
[18:05:24]ADMIN: S_Sting/(Percival Robertson) modified Black Shoes's w_class to 100
[18:06:04]ACCESS: Logout: S_Sting/(Percival Robertson)
[18:07:03]ACCESS: Login: S_Sting/(Percival Robertson) from 127.0.0.1
[18:07:08]SAY: Percival Robertson/S_Sting : Я
[18:07:12]SAY: Percival Robertson/S_Sting : хуйнЯ
[18:07:20]SAY: Percival Robertson/S_Sting : ыыы
[18:07:25]SAY: Percival Robertson/S_Sting : хуЯмба
[18:09:06]SAY: Ian/ : Bark!
[18:09:33]GAME: SQL ERROR during player polling. Failed to connect.
[18:10:38]GAME: SQL ERROR during admin polling. Failed to connect.
[18:11:32]SAY: Ian/ : AUUUUUU
[18:12:44]ADMIN: S_Sting/(Percival Robertson) jumped to 63,136,1 in Port Maintenance
[18:12:58]SAY: Ian/ : YAP
[18:15:46]ADMIN: S_Sting/(Percival Robertson) jumped to 67,136,1 in Locker Room
[18:18:59]SAY: Ian/ : AUUUUUU
[18:21:09]GAME: SQL ERROR during player polling. Failed to connect.
[18:22:12]GAME: SQL ERROR during admin polling. Failed to connect.
[18:23:35]ADMIN: S_Sting/(Percival Robertson) jumped to 101,148,1 in EVA Storage
[18:24:19]ACCESS: Logout: S_Sting/(Percival Robertson)
[18:24:56]ACCESS: Login: S_Sting/(Percival Robertson) from 127.0.0.1
[18:26:17]ADMIN: S_Sting/(Percival Robertson) jumped to 103,142,1 in Central Primary Hallway
[18:26:27]ACCESS: Logout: S_Sting/(Percival Robertson)


Starting up. 18:51.39
---------------------
Dear Diary....


[18:51:39]ADMIN: Loading jobban_rank
[18:51:39]ADMIN: jobban_keylist was empty
[18:51:39]ADMIN: Updating jobbanfile!
[18:51:39]ADMIN: Loading Banlist
[18:52:40]ADMIN: S_Sting has started the game.
[18:52:40]ACCESS: Logout: *no client*/(S_Sting)
[18:52:40]ACCESS: Login: S_Sting/(Percival Robertson) from 127.0.0.1
[18:53:00]SAY: Percival Robertson/S_Sting : Пидор
[18:53:10]SAY: Percival Robertson/S_Sting : Капитан, ты пидор!
[18:56:04]SAY: Ian/ : Woof!
[18:57:58]GAME: SQL ERROR during player polling. Failed to connect.
[18:59:02]GAME: SQL ERROR during admin polling. Failed to connect.
[19:03:27]GAME: S_Sting/(Percival Robertson) triggered a fueltank explosion.
[19:03:27]GAME: Explosion with size (-1, 0, 2) in area Primary Tool Storage 
[19:05:10]ADMIN: DirectNarrate: S_Sting/(Percival Robertson) to (Percival Robertson/S_Sting): 
[19:05:15]ADMIN: DirectNarrate: S_Sting/(Percival Robertson) to (Percival Robertson/S_Sting): а
[19:05:24]SAY: Percival Robertson/S_Sting : хуй
[19:05:24]ADMIN: S_Sting/(Percival Robertson) forced S_Sting/(Percival Robertson) to say: хуй
[19:06:22]ADMIN: S_Sting/(Percival Robertson) spawned /obj/item/weapon/melee/baton at (138,130,1)
[19:07:38]EMOTE: Percival Robertson/S_Sting : <B>Percival Robertson</B> gasps!
[19:07:47]ACCESS: Logout: S_Sting/(Percival Robertson)
[19:11:18]ACCESS: Login: S_Sting/(Percival Robertson) from 127.0.0.1
[19:11:27]EMOTE: Percival Robertson/S_Sting : <B>Percival Robertson</B> gasps!
[19:11:33]EMOTE: Percival Robertson/S_Sting : <B>Percival Robertson</B> gasps!
[19:11:37]ADMIN: S_Sting/(Percival Robertson) healed / Rrvived S_Sting/(Percival Robertson)
[19:12:07]SAY: Ian/ : Woof!
[19:13:03]GAME: SQL ERROR during player polling. Failed to connect.
[19:14:07]GAME: SQL ERROR during admin polling. Failed to connect.
[19:14:59]ADMIN: S_Sting/(Percival Robertson) jumped to 148,113,1 in Bar
[19:15:36]ADMIN: S_Sting/(Percival Robertson) jumped to 146,118,1 in Bar
[19:17:39]SAY: Percival Robertson/S_Sting : Гандонишка
[19:21:21]ADMIN: S_Sting/(Percival Robertson) jumped to 148,112,1 in Bar
[19:24:38]GAME: SQL ERROR during player polling. Failed to connect.
[19:24:57]SAY: Ian/ : AUUUUUU
[19:25:40]GAME: SQL ERROR during admin polling. Failed to connect.
[19:30:18]EMOTE: Percival Robertson/S_Sting : <B>Percival Robertson</B> coughs!
[19:36:05]GAME: SQL ERROR during player polling. Failed to connect.
[19:37:10]GAME: SQL ERROR during admin polling. Failed to connect.
[19:37:41]ADMIN: S_Sting/(Percival Robertson) jumped to 146,114,1 in Bar
[19:38:12]ACCESS: Logout: S_Sting/(Percival Robertson)
