

Starting up. 01:05.13
---------------------
Dear Diary....


[01:05:13]ADMIN: Loading jobban_rank
[01:05:13]ADMIN: jobban_keylist was empty
[01:05:13]ADMIN: Updating jobbanfile!
[01:05:13]ADMIN: Loading Banlist
[01:06:33]ADMIN: S_Sting has started the game.
[01:06:34]ACCESS: Logout: *no client*/(S_Sting)
[01:06:34]ACCESS: Login: S_Sting/(Percival Robertson) from 127.0.0.1
[01:06:46]ADMIN: S_Sting/(Percival Robertson) spawned /mob/living/simple_animal/hostile/battleroach at (68,145,1)
[01:06:57]ACCESS: Logout: S_Sting/(Percival Robertson)


Starting up. 01:24.02
---------------------
Dear Diary....


[01:24:02]ADMIN: Loading jobban_rank
[01:24:02]ADMIN: jobban_keylist was empty
[01:24:02]ADMIN: Updating jobbanfile!
[01:24:02]ADMIN: Loading Banlist
[01:25:32]ADMIN: S_Sting has started the game.
[01:25:33]ACCESS: Logout: *no client*/(S_Sting)
[01:25:33]ACCESS: Login: S_Sting/(Percival Robertson) from 127.0.0.1
[01:25:38]ADMIN: S_Sting/(Percival Robertson) spawned /mob/living/simple_animal/hostile/battleroach at (68,145,1)
[01:27:54]ADMIN: S_Sting/(Percival Robertson) spawned /mob/living/simple_animal/hostile/battleroach at (69,146,1)
[01:29:08]ACCESS: Logout: S_Sting/(Percival Robertson)


Starting up. 01:39.12
---------------------
Dear Diary....


[01:39:12]ADMIN: Loading jobban_rank
[01:39:12]ADMIN: jobban_keylist was empty
[01:39:12]ADMIN: Updating jobbanfile!
[01:39:12]ADMIN: Loading Banlist
[01:41:25]ADMIN: S_Sting has started the game.
[01:41:27]ADMIN: S_Sting has started the game.
[01:41:27]ACCESS: Logout: *no client*/(S_Sting)
[01:41:27]ACCESS: Login: S_Sting/(Percival Robertson) from 127.0.0.1
[01:41:45]ADMIN: S_Sting/(Percival Robertson) spawned /mob/living/simple_animal/hostile/battleroach at (68,145,1)
[01:42:55]SAY: Ian/ : Woof!
[01:44:47]ACCESS: Logout: S_Sting/(Percival Robertson)


Starting up. 01:51.11
---------------------
Dear Diary....


[01:51:11]ADMIN: Loading jobban_rank
[01:51:11]ADMIN: jobban_keylist was empty
[01:51:11]ADMIN: Updating jobbanfile!
[01:51:11]ADMIN: Loading Banlist
[01:52:18]ADMIN: S_Sting has started the game.
[01:52:20]ADMIN: S_Sting has started the game.
[01:52:21]ACCESS: Logout: *no client*/(S_Sting)
[01:52:21]ACCESS: Login: S_Sting/(Percival Robertson) from 127.0.0.1
[01:52:42]ADMIN: S_Sting/(Percival Robertson) spawned /mob/living/simple_animal/hostile/battleroach at (68,142,1)
[01:53:15]ACCESS: Logout: S_Sting/(Percival Robertson)


Starting up. 02:00.23
---------------------
Dear Diary....


[02:00:23]ADMIN: Loading jobban_rank
[02:00:23]ADMIN: jobban_keylist was empty
[02:00:23]ADMIN: Updating jobbanfile!
[02:00:23]ADMIN: Loading Banlist
[02:01:55]ADMIN: S_Sting has started the game.
[02:01:55]ACCESS: Logout: *no client*/(S_Sting)
[02:01:55]ACCESS: Login: S_Sting/(Percival Robertson) from 127.0.0.1
[02:02:05]ADMIN: S_Sting/(Percival Robertson) spawned /mob/living/simple_animal/hostile/battleroach at (68,145,1)
[02:02:58]ACCESS: Logout: S_Sting/(Percival Robertson)


Starting up. 02:06.10
---------------------
Dear Diary....


[02:06:10]ADMIN: Loading jobban_rank
[02:06:10]ADMIN: jobban_keylist was empty
[02:06:10]ADMIN: Updating jobbanfile!
[02:06:10]ADMIN: Loading Banlist
[02:07:18]ADMIN: S_Sting has started the game.
[02:07:20]ACCESS: Logout: *no client*/(S_Sting)
[02:07:20]ACCESS: Login: S_Sting/(Percival Robertson) from 127.0.0.1
[02:07:24]ADMIN: S_Sting/(Percival Robertson) spawned /mob/living/simple_animal/hostile/battleroach at (68,145,1)
[02:12:45]GAME: SQL ERROR during player polling. Failed to connect.
[02:13:50]GAME: SQL ERROR during admin polling. Failed to connect.
[02:14:56]ACCESS: Logout: S_Sting/(Percival Robertson)


Starting up. 02:20.02
---------------------
Dear Diary....


[02:20:02]ADMIN: Loading jobban_rank
[02:20:02]ADMIN: jobban_keylist was empty
[02:20:02]ADMIN: Updating jobbanfile!
[02:20:02]ADMIN: Loading Banlist
[02:21:56]ADMIN: S_Sting has started the game.
[02:21:58]ADMIN: S_Sting has started the game.
[02:21:59]ACCESS: Logout: *no client*/(S_Sting)
[02:21:59]ACCESS: Login: S_Sting/(Percival Robertson) from 127.0.0.1
[02:22:14]ADMIN: S_Sting/(Percival Robertson) spawned /mob/living/simple_animal/hostile/battleroach at (68,145,1)
[02:23:38]SAY: Ian/ : Woof!
[02:24:14]ACCESS: Logout: S_Sting/(Percival Robertson)


Starting up. 02:31.00
---------------------
Dear Diary....


[02:31:00]ADMIN: Loading jobban_rank
[02:31:00]ADMIN: jobban_keylist was empty
[02:31:00]ADMIN: Updating jobbanfile!
[02:31:00]ADMIN: Loading Banlist
[02:32:44]ADMIN: S_Sting has started the game.
[02:32:44]ACCESS: Logout: *no client*/(S_Sting)
[02:32:44]ACCESS: Login: S_Sting/(Percival Robertson) from 127.0.0.1
[02:33:06]ADMIN: S_Sting/(Percival Robertson) spawned /mob/living/simple_animal/hostile/battleroach at (69,147,1)
[02:34:11]SAY: Ian/ : Bark!
[02:34:33]ACCESS: Logout: S_Sting/(Percival Robertson)


Starting up. 02:57.18
---------------------
Dear Diary....


[02:57:18]ADMIN: Loading jobban_rank
[02:57:18]ADMIN: jobban_keylist was empty
[02:57:18]ADMIN: Updating jobbanfile!
[02:57:18]ADMIN: Loading Banlist
[02:58:40]ADMIN: S_Sting has started the game.
[02:58:40]ACCESS: Logout: *no client*/(S_Sting)
[02:58:40]ACCESS: Login: S_Sting/(Percival Robertson) from 127.0.0.1
[02:58:56]ADMIN: S_Sting/(Percival Robertson) deleted Maintenance Access at (66,147,1)
[02:59:40]ADMIN: S_Sting/(Percival Robertson) deleted Maintenance Access at (77,147,1)
[02:59:49]ADMIN: S_Sting/(Percival Robertson) deleted Tech Storage at (83,146,1)
[03:00:01]ADMIN: S_Sting/(Percival Robertson) deleted Maintenance Access at (85,144,1)
[03:00:22]ADMIN: S_Sting/(Percival Robertson) deleted Maintenance Access at (97,143,1)
[03:00:27]SAY: Ian/ : YAP
[03:00:44]ADMIN: S_Sting/(Percival Robertson) deleted Maintenance Access at (111,154,1)
[03:01:28]ADMIN: S_Sting/(Percival Robertson) jumped to 103,135,1 in Bridge
[03:01:30]ADMIN: S_Sting/(Percival Robertson) jumped to 106,134,1 in Bridge
[03:01:30]SAY: Ian/ : AUUUUUU
[03:01:33]ADMIN: S_Sting/(Percival Robertson) deleted Captain's Quarters at (106,132,1)
[03:01:41]ADMIN: S_Sting/(Percival Robertson) jumped to 100,127,1 in Captain's Quarters
[03:03:47]ACCESS: Logout: S_Sting/(Percival Robertson)


Starting up. 03:08.22
---------------------
Dear Diary....


[03:08:22]ADMIN: Loading jobban_rank
[03:08:22]ADMIN: jobban_keylist was empty
[03:08:22]ADMIN: Updating jobbanfile!
[03:08:22]ADMIN: Loading Banlist
[03:09:52]ADMIN: S_Sting has started the game.
[03:09:53]ACCESS: Logout: *no client*/(S_Sting)
[03:09:53]ACCESS: Login: S_Sting/(Percival Robertson) from 127.0.0.1
[03:11:28]ADMIN: S_Sting/(Percival Robertson) toggled debugging to 1
[03:11:30]ADMIN: S_Sting/(Percival Robertson) toggled debugging to 0
[03:12:09]ADMIN: S_Sting/(Percival Robertson) jumped to 122,128,1 in Head of Personnel's Quarters
[03:12:14]ADMIN: S_Sting/(Percival Robertson) jumped to 120,132,1 in Head of Personnel's Quarters
[03:12:24]ADMIN: S_Sting/(Percival Robertson) jumped to 106,132,1 in Captain's Quarters
[03:12:29]ADMIN: S_Sting/(Percival Robertson) jumped to 101,126,1 in Captain's Quarters
[03:14:11]ACCESS: Logout: S_Sting/(Percival Robertson)


Starting up. 03:17.31
---------------------
Dear Diary....


[03:17:31]ADMIN: Loading jobban_rank
[03:17:31]ADMIN: jobban_keylist was empty
[03:17:31]ADMIN: Updating jobbanfile!
[03:17:31]ADMIN: Loading Banlist
[03:18:41]ADMIN: S_Sting has started the game.
[03:18:41]ACCESS: Logout: *no client*/(S_Sting)
[03:18:41]ACCESS: Login: S_Sting/(Percival Robertson) from 127.0.0.1
[03:18:50]SAY: Ian/ : Bark!
[03:19:01]ADMIN: S_Sting/(Percival Robertson) jumped to *no client*/(Ian)
[03:19:25]ADMIN: S_Sting/(Percival Robertson) jumped to 129,130,1 in Central Primary Hallway
[03:20:45]SAY: Ian/ : Bark!
[03:21:17]ACCESS: Logout: S_Sting/(Percival Robertson)


Starting up. 03:26.22
---------------------
Dear Diary....


[03:26:22]ADMIN: Loading jobban_rank
[03:26:22]ADMIN: jobban_keylist was empty
[03:26:22]ADMIN: Updating jobbanfile!
[03:26:22]ADMIN: Loading Banlist
[03:28:23]ADMIN: S_Sting has started the game.
[03:28:23]ACCESS: Logout: *no client*/(S_Sting)
[03:28:23]ACCESS: Login: S_Sting/(Percival Robertson) from 127.0.0.1
[03:29:05]ADMIN: S_Sting/(Percival Robertson) deleted Maintenance Access at (66,147,1)
[03:29:16]ADMIN: S_Sting/(Percival Robertson) deleted Maintenance Access at (77,147,1)
[03:29:47]ADMIN: S_Sting/(Percival Robertson) deleted Maintenance Access at (85,144,1)
[03:29:52]ACCESS: Logout: S_Sting/(Percival Robertson)


Starting up. 03:33.27
---------------------
Dear Diary....


[03:33:27]ADMIN: Loading jobban_rank
[03:33:27]ADMIN: jobban_keylist was empty
[03:33:27]ADMIN: Updating jobbanfile!
[03:33:27]ADMIN: Loading Banlist
[03:34:48]ADMIN: S_Sting has started the game.
[03:34:49]ACCESS: Logout: *no client*/(S_Sting)
[03:34:49]ACCESS: Login: S_Sting/(Percival Robertson) from 127.0.0.1
[03:34:57]ADMIN: S_Sting/(Percival Robertson) deleted Maintenance Access at (77,147,1)
[03:35:07]ADMIN: S_Sting/(Percival Robertson) deleted Tech Storage at (83,146,1)
[03:35:12]ADMIN: S_Sting/(Percival Robertson) deleted Maintenance Access at (85,144,1)
[03:35:25]ADMIN: S_Sting/(Percival Robertson) deleted Maintenance Access at (97,143,1)
[03:36:48]EMOTE: Percival Robertson/S_Sting : <B>Percival Robertson</B> gasps!
[03:36:54]ACCESS: Logout: S_Sting/(Percival Robertson)


Starting up. 03:41.37
---------------------
Dear Diary....


[03:41:37]ADMIN: Loading jobban_rank
[03:41:37]ADMIN: jobban_keylist was empty
[03:41:37]ADMIN: Updating jobbanfile!
[03:41:37]ADMIN: Loading Banlist
[03:43:23]ADMIN: S_Sting has started the game.
[03:43:23]ACCESS: Logout: *no client*/(S_Sting)
[03:43:23]ACCESS: Login: S_Sting/(Percival Robertson) from 127.0.0.1
[03:45:39]EMOTE: Percival Robertson/S_Sting : <B>Percival Robertson</B> gasps!
[03:45:48]EMOTE: Percival Robertson/S_Sting : <B>Percival Robertson</B> seizes up and falls limp, his eyes dead and lifeless...
[03:45:50]GAME: SQL ERROR during death reporting. Failed to connect.
[03:45:50]GAME: Traitor S_Sting/(Percival Robertson) has died.
[03:46:02]ACCESS: Logout: *no client*/(Percival Robertson)
[03:46:02]ACCESS: Login: S_Sting/(Percival Robertson) from 127.0.0.1
[03:46:35]GAME: Rebooting because of no live players
[03:46:35]ACCESS: Logout: S_Sting/(Percival Robertson)


Starting up. 03:47.44
---------------------
Dear Diary....


[03:47:44]ADMIN: Loading jobban_rank
[03:47:44]ADMIN: jobban_keylist was empty
[03:47:44]ADMIN: Updating jobbanfile!
[03:47:45]ADMIN: Loading Banlist


Starting up. 03:51.03
---------------------
Dear Diary....


[03:51:03]ADMIN: Loading jobban_rank
[03:51:03]ADMIN: jobban_keylist was empty
[03:51:03]ADMIN: Updating jobbanfile!
[03:51:03]ADMIN: Loading Banlist
[03:52:34]ADMIN: S_Sting has started the game.
[03:52:35]ACCESS: Logout: *no client*/(S_Sting)
[03:52:35]ACCESS: Login: S_Sting/(Percival Robertson) from 127.0.0.1
[03:56:25]SAY: Ian/ : YAP
[03:58:22]GAME: SQL ERROR during player polling. Failed to connect.
[03:59:23]EMOTE: Percival Robertson/S_Sting : <B>Percival Robertson</B> gasps!
[03:59:31]EMOTE: Percival Robertson/S_Sting : <B>Percival Robertson</B> gasps!
[03:59:34]GAME: SQL ERROR during admin polling. Failed to connect.
[03:59:39]EMOTE: Percival Robertson/S_Sting : <B>Percival Robertson</B> gasps!
[03:59:41]EMOTE: Percival Robertson/S_Sting : <B>Percival Robertson</B> seizes up and falls limp, his eyes dead and lifeless...
[03:59:42]GAME: SQL ERROR during death reporting. Failed to connect.
[03:59:42]GAME: Traitor S_Sting/(Percival Robertson) has died.
[03:59:45]SAY: Ian/ : AUUUUUU
[03:59:47]ACCESS: Logout: *no client*/(Percival Robertson)
[03:59:47]ACCESS: Login: S_Sting/(Percival Robertson) from 127.0.0.1
[04:00:24]GAME: Rebooting because of no live players
[04:00:25]ACCESS: Logout: S_Sting/(Percival Robertson)


Starting up. 04:01.43
---------------------
Dear Diary....


[04:01:43]ADMIN: Loading jobban_rank
[04:01:43]ADMIN: jobban_keylist was empty
[04:01:43]ADMIN: Updating jobbanfile!
[04:01:43]ADMIN: Loading Banlist


Starting up. 04:07.52
---------------------
Dear Diary....


[04:07:52]ADMIN: Loading jobban_rank
[04:07:52]ADMIN: jobban_keylist was empty
[04:07:52]ADMIN: Updating jobbanfile!
[04:07:52]ADMIN: Loading Banlist
[04:10:29]ADMIN: S_Sting has started the game.
[04:10:29]ACCESS: Logout: *no client*/(S_Sting)
[04:10:29]ACCESS: Login: S_Sting/(Percival Robertson) from 127.0.0.1
[04:13:12]SAY: Ian/ : AUUUUUU
[04:16:10]GAME: SQL ERROR during player polling. Failed to connect.
[04:16:27]SAY: Ian/ : Woof!
[04:17:11]SAY: Ian/ : Bark!
[04:17:20]GAME: SQL ERROR during admin polling. Failed to connect.
[04:17:46]ADMIN: S_Sting/(Percival Robertson) jumped to 110,97,1 in Recharging Bay
[04:18:20]ADMIN: S_Sting/(Percival Robertson) teleported *no client*/(battleroach)
[04:18:23]ADMIN: S_Sting/(Percival Robertson) jumped to 114,99,1 in Aft Primary Hallway
[04:18:32]ADMIN: S_Sting/(Percival Robertson) teleported *no client*/(battleroach)
[04:19:01]ADMIN: S_Sting/(Percival Robertson) teleported *no client*/(battleroach)
[04:19:08]ADMIN: S_Sting/(Percival Robertson) teleported *no client*/(battleroach)
[04:19:51]ADMIN: S_Sting/(Percival Robertson) teleported *no client*/(battleroach)
[04:19:55]ACCESS: Logout: S_Sting/(Percival Robertson)


Starting up. 13:44.47
---------------------
Dear Diary....


[13:44:47]ADMIN: Loading jobban_rank
[13:44:47]ADMIN: jobban_keylist was empty
[13:44:47]ADMIN: Updating jobbanfile!
[13:44:47]ADMIN: Loading Banlist
[13:46:59]ACCESS: Logout: Guest-1323850029/(Guest-1323850029)
[13:47:25]ADMIN: S_Sting has started the game.
[13:47:28]ADMIN: S_Sting has started the game.
[13:47:28]ACCESS: Logout: *no client*/(S_Sting)
[13:47:28]ACCESS: Login: S_Sting/(Percival Robertson) from 127.0.0.1
[13:50:25]SAY: Ian/ : AUUUUUU
[13:52:07]SAY: Ian/ : YAP
[13:52:46]GAME: SQL ERROR during player polling. Failed to connect.
[13:53:50]GAME: SQL ERROR during admin polling. Failed to connect.
[13:57:03]ACCESS: Logout: S_Sting/(Percival Robertson)
