

Starting up. 19:20.03
---------------------
Dear Diary....


[19:20:03]ADMIN: Loading jobban_rank
[19:20:03]ADMIN: jobban_keylist was empty
[19:20:03]ADMIN: Updating jobbanfile!
[19:20:04]ADMIN: Loading Banlist
[19:23:27]ACCESS: Logout: Guest-1323850029/(Guest-1323850029)
[19:25:27]ADMIN: S_Sting has started the game.
[19:25:27]ACCESS: Logout: *no client*/(S_Sting)
[19:25:27]ACCESS: Login: S_Sting/(Percival Robertson) from 127.0.0.1
[19:28:11]SAY: Ian/ : AUUUUUU
[19:29:04]SAY: Ian/ : Woof!
[19:29:09]SAY: Ian/ : Woof!
[19:30:56]GAME: SQL ERROR during player polling. Failed to connect.
[19:31:50]ADMIN: S_Sting/(Percival Robertson) modified Percival Robertson's nutrition to 90
[19:32:01]GAME: SQL ERROR during admin polling. Failed to connect.
[19:32:36]EMOTE: Percival Robertson/S_Sting : <B>Percival Robertson</B> gasps!
[19:32:41]EMOTE: Percival Robertson/S_Sting : <B>Percival Robertson</B> gasps!
[19:32:42]EMOTE: Percival Robertson/S_Sting : <B>Percival Robertson</B> gasps!
[19:32:48]EMOTE: Percival Robertson/S_Sting : <B>Percival Robertson</B> gasps!
[19:33:01]EMOTE: Percival Robertson/S_Sting : <B>Percival Robertson</B> gasps!
[19:33:04]EMOTE: Percival Robertson/S_Sting : <B>Percival Robertson</B> seizes up and falls limp, his eyes dead and lifeless...
[19:33:05]GAME: SQL ERROR during death reporting. Failed to connect.
[19:33:05]GAME: Traitor S_Sting/(Percival Robertson) has died.
[19:33:47]GAME: Rebooting because of no live players
[19:33:47]ACCESS: Logout: S_Sting/(Percival Robertson)


Starting up. 19:35.09
---------------------
Dear Diary....


[19:35:09]ADMIN: Loading jobban_rank
[19:35:09]ADMIN: jobban_keylist was empty
[19:35:09]ADMIN: Updating jobbanfile!
[19:35:09]ADMIN: Loading Banlist


Starting up. 20:41.01
---------------------
Dear Diary....


[20:41:01]ADMIN: Loading jobban_rank
[20:41:01]ADMIN: jobban_keylist was empty
[20:41:01]ADMIN: Updating jobbanfile!
[20:41:01]ADMIN: Loading Banlist
[20:42:47]ADMIN: S_Sting has started the game.
[20:42:50]ADMIN: S_Sting has started the game.
[20:42:50]ACCESS: Logout: *no client*/(S_Sting)
[20:42:50]ACCESS: Login: S_Sting/(Percival Robertson) from 127.0.0.1
[20:42:56]ADMIN: S_Sting/(Percival Robertson) initiated a reboot.
[20:43:02]ACCESS: Logout: S_Sting/(Percival Robertson)


Starting up. 20:43.58
---------------------
Dear Diary....


[20:43:58]ADMIN: Loading jobban_rank
[20:43:58]ADMIN: jobban_keylist was empty
[20:43:58]ADMIN: Updating jobbanfile!
[20:43:58]ADMIN: Loading Banlist
[20:45:43]ADMIN: S_Sting has started the game.
[20:45:43]ACCESS: Logout: *no client*/(S_Sting)
[20:45:43]ACCESS: Login: S_Sting/(Percival Robertson) from 127.0.0.1
[20:46:04]SAY: Ian/ : Bark!
[20:46:29]SAY: Percival Robertson/S_Sting : Ебал в рот
[20:46:43]SAY: Percival Robertson/S_Sting : Сосимба
[20:49:38]ACCESS: Logout: S_Sting/(Percival Robertson)


Starting up. 22:10.08
---------------------
Dear Diary....


[22:10:08]ADMIN: Loading jobban_rank
[22:10:08]ADMIN: jobban_keylist was empty
[22:10:08]ADMIN: Updating jobbanfile!
[22:10:08]ADMIN: Loading Banlist
[22:11:26]ADMIN: S_Sting has started the game.
[22:11:27]ACCESS: Logout: *no client*/(S_Sting)
[22:11:27]ACCESS: Login: S_Sting/(Percival Robertson) from 127.0.0.1
[22:12:42]ACCESS: Logout: S_Sting/(Percival Robertson)


Starting up. 22:13.49
---------------------
Dear Diary....


[22:13:49]ADMIN: Loading jobban_rank
[22:13:49]ADMIN: jobban_keylist was empty
[22:13:49]ADMIN: Updating jobbanfile!
[22:13:49]ADMIN: Loading Banlist
[22:18:27]ADMIN: S_Sting has started the game.
[22:18:27]ACCESS: Logout: *no client*/(S_Sting)
[22:18:27]ACCESS: Login: S_Sting/(Percival Robertson) from 127.0.0.1
[22:18:37]ACCESS: Logout: S_Sting/(Percival Robertson)


Starting up. 23:03.22
---------------------
Dear Diary....


[23:03:22]ADMIN: Loading jobban_rank
[23:03:22]ADMIN: jobban_keylist was empty
[23:03:22]ADMIN: Updating jobbanfile!
[23:03:22]ADMIN: Loading Banlist
[23:07:52]ADMIN: S_Sting has started the game.
[23:07:52]ACCESS: Logout: *no client*/(S_Sting)
[23:07:52]ACCESS: Login: S_Sting/(Percival Robertson) from 127.0.0.1
[23:10:07]ACCESS: Logout: S_Sting/(Percival Robertson)


Starting up. 23:37.13
---------------------
Dear Diary....


[23:37:13]ADMIN: Loading jobban_rank
[23:37:13]ADMIN: jobban_keylist was empty
[23:37:13]ADMIN: Updating jobbanfile!
[23:37:13]ADMIN: Loading Banlist
[23:38:42]ADMIN: S_Sting has started the game.
[23:38:45]ADMIN: S_Sting has started the game.
[23:38:45]ACCESS: Logout: *no client*/(S_Sting)
[23:38:45]ACCESS: Login: S_Sting/(Percival Robertson) from 127.0.0.1
[23:39:04]ACCESS: Logout: S_Sting/(Percival Robertson)


Starting up. 23:45.39
---------------------
Dear Diary....


[23:45:39]ADMIN: Loading jobban_rank
[23:45:39]ADMIN: jobban_keylist was empty
[23:45:39]ADMIN: Updating jobbanfile!
[23:45:39]ADMIN: Loading Banlist
[23:46:39]ADMIN: S_Sting has started the game.
[23:46:40]ACCESS: Logout: *no client*/(S_Sting)
[23:46:40]ACCESS: Login: S_Sting/(Percival Robertson) from 127.0.0.1
[23:50:23]ACCESS: Logout: S_Sting/(Percival Robertson)


Starting up. 23:59.18
---------------------
Dear Diary....


[23:59:18]ADMIN: Loading jobban_rank
[23:59:18]ADMIN: jobban_keylist was empty
[23:59:18]ADMIN: Updating jobbanfile!
[23:59:18]ADMIN: Loading Banlist
[00:00:10]ADMIN: S_Sting has started the game.
[00:00:10]ACCESS: Logout: *no client*/(S_Sting)
[00:00:10]ACCESS: Login: S_Sting/(Percival Robertson) from 127.0.0.1
[00:01:13]ADMIN: S_Sting/(Percival Robertson) spawned /obj/item/clothing/shoes/red at (69,141,1)
[00:02:35]ADMIN: S_Sting/(Percival Robertson) deleted Maintenance Access at (144,131,1)
[00:02:40]ADMIN: S_Sting/(Percival Robertson) deleted Maintenance Access at (144,143,1)
[00:02:47]ADMIN: S_Sting/(Percival Robertson) deleted Maintenance Access at (154,146,1)
[00:03:26]ACCESS: Logout: S_Sting/(Percival Robertson)
