

Starting up. 00:58.54
---------------------
Dear Diary....


[00:58:54]ADMIN: Loading jobban_rank
[00:58:54]ADMIN: jobban_keylist was empty
[00:58:54]ADMIN: Updating jobbanfile!
[00:58:54]ADMIN: Loading Banlist
[00:58:54]ADMIN: Banlist is empty.
[00:58:54]ADMIN: Banlist missing base dir.
[00:59:06]ACCESS: Logout: Guest-1323850029/(Guest-1323850029)


Starting up. 01:03.37
---------------------
Dear Diary....


[01:03:37]ADMIN: Loading jobban_rank
[01:03:37]ADMIN: jobban_keylist was empty
[01:03:37]ADMIN: Updating jobbanfile!
[01:03:37]ADMIN: Loading Banlist
[01:12:53]ACCESS: Logout: Guest-1323850029/(Guest-1323850029)
[01:21:16]ADMIN: S_Sting has started the game.
[01:21:17]ACCESS: Logout: *no client*/(S_Sting)
[01:21:17]ACCESS: Login: S_Sting/(Percival Robertson) from 127.0.0.1
[01:22:26]ACCESS: Logout: S_Sting/(Percival Robertson)
[01:23:07]ACCESS: Login: S_Sting/(Percival Robertson) from 127.0.0.1
[01:25:39]ACCESS: Logout: S_Sting/(Percival Robertson)


Starting up. 01:28.56
---------------------
Dear Diary....


[01:28:56]ADMIN: Loading jobban_rank
[01:28:56]ADMIN: jobban_keylist was empty
[01:28:56]ADMIN: Updating jobbanfile!
[01:28:56]ADMIN: Loading Banlist
[01:29:49]ADMIN: S_Sting has started the game.
[01:29:49]ACCESS: Logout: *no client*/(S_Sting)
[01:29:49]ACCESS: Login: S_Sting/(Percival Robertson) from 127.0.0.1
[01:30:04]ADMIN: S_Sting/(Percival Robertson) deleted   at (0,0,0)
[01:31:03]SAY: Percival Robertson/S_Sting : А клоун-то пидор
[01:31:13]SAY: Percival Robertson/S_Sting : ха
[01:31:15]SAY: Percival Robertson/S_Sting : пизда
[01:32:09]SAY: Percival Robertson/S_Sting : привет
[01:34:05]EMOTE: Percival Robertson/S_Sting : <B>Percival Robertson</B> gasps!
[01:34:11]EMOTE: Percival Robertson/S_Sting : <B>Percival Robertson</B> gasps!
[01:34:12]EMOTE: Percival Robertson/S_Sting : <B>Percival Robertson</B> gasps!
[01:34:17]EMOTE: Percival Robertson/S_Sting : <B>Percival Robertson</B> gasps!
[01:34:23]EMOTE: Percival Robertson/S_Sting : <B>Percival Robertson</B> seizes up and falls limp, his eyes dead and lifeless...
[01:34:31]ACCESS: Logout: S_Sting/(Percival Robertson)


Starting up. 02:10.54
---------------------
Dear Diary....


[02:10:54]ADMIN: Loading jobban_rank
[02:10:54]ADMIN: jobban_keylist was empty
[02:10:54]ADMIN: Updating jobbanfile!
[02:10:54]ADMIN: Loading Banlist
[02:12:58]ADMIN: S_Sting has started the game.
[02:12:59]ACCESS: Logout: *no client*/(S_Sting)
[02:12:59]ACCESS: Login: S_Sting/(Percival Robertson) from 127.0.0.1
[02:13:25]ADMIN: S_Sting/(Percival Robertson) deleted   at (0,0,0)
[02:13:40]SAY: Percival Robertson/S_Sting : хэй
[02:13:44]SAY: Percival Robertson/S_Sting : ебать
[02:13:46]SAY: Percival Robertson/S_Sting : ничего
[02:13:50]SAY: Percival Robertson/S_Sting : не происходит
[02:13:52]SAY: Percival Robertson/S_Sting : как жаль
[02:14:33]SAY: Percival Robertson/S_Sting : раз
[02:14:36]SAY: Percival Robertson/S_Sting : тест
[02:14:37]SAY: Percival Robertson/S_Sting : два
[02:14:39]SAY: Percival Robertson/S_Sting : три
[02:15:39]ADMIN: S_Sting/(Percival Robertson) modified Percival Robertson's flags to 4096
[02:15:45]SAY: Percival Robertson/S_Sting : &lt;span style=&#39;font-size:10pt; color: #ff00dc;&#39;&gt;привет&lt;/span&gt;
[02:16:15]SAY: Percival Robertson/S_Sting : а
[02:16:16]SAY: Percival Robertson/S_Sting : пр
[02:18:16]GAME: SQL ERROR during player polling. Failed to connect.
[02:18:47]ACCESS: Logout: S_Sting/(Percival Robertson)


Starting up. 03:49.06
---------------------
Dear Diary....


[03:49:06]ADMIN: Loading jobban_rank
[03:49:06]ADMIN: jobban_keylist was empty
[03:49:06]ADMIN: Updating jobbanfile!
[03:49:06]ADMIN: Loading Banlist
[03:50:52]ADMIN: S_Sting has started the game.
[03:50:52]ACCESS: Logout: *no client*/(S_Sting)
[03:50:52]ACCESS: Login: S_Sting/(Percival Robertson) from 127.0.0.1
[03:51:01]SAY: Ian/ : AUUUUUU
[03:51:15]SAY: Percival Robertson/S_Sting : ха
[03:51:18]SAY: Percival Robertson/S_Sting : хуйнЯ
[03:51:26]SAY: Percival Robertson/S_Sting : говно
[03:51:53]ADMIN: S_Sting/(Percival Robertson) jumped to 168,125,1 in Chemistry
[03:52:38]SAY: Ian/ : Woof!
[03:53:35]ADMIN: S_Sting/(Percival Robertson) jumped to 166,130,1 in Starboard Primary Hallway
[03:53:42]ADMIN: S_Sting/(Percival Robertson) jumped to 139,123,1 in Kitchen
[03:54:50]ADMIN: S_Sting/(Percival Robertson) spawned /obj/item/weapon/reagent_containers/food/snacks/flour at (133,123,1)
[03:55:03]ADMIN: S_Sting/(Percival Robertson) spawned /obj/item/weapon/reagent_containers/food/snacks/grown/mushroom/plumphelmet at (133,123,1)
[03:55:20]SAY: Ian/ : Woof!
[03:55:51]ADMIN: S_Sting/(Percival Robertson) jumped to 142,124,1 in Bar
[03:55:58]ADMIN: S_Sting/(Percival Robertson) jumped to 166,125,1 in Chemistry
[03:56:08]GAME: SQL ERROR during player polling. Failed to connect.
[03:56:31]GAME: Explosion with size (0, 1, 3) in area Chemistry 
[03:56:50]ADMIN: S_Sting/(Percival Robertson) jumped to 167,130,1 in Starboard Primary Hallway
[03:57:18]GAME: SQL ERROR during admin polling. Failed to connect.
[03:57:48]ACCESS: Logout: S_Sting/(Percival Robertson)


Starting up. 03:59.10
---------------------
Dear Diary....


[03:59:10]ADMIN: Loading jobban_rank
[03:59:10]ADMIN: jobban_keylist was empty
[03:59:10]ADMIN: Updating jobbanfile!
[03:59:10]ADMIN: Loading Banlist
[04:00:03]ADMIN: S_Sting has started the game.
[04:00:04]ACCESS: Logout: *no client*/(S_Sting)
[04:00:04]ACCESS: Login: S_Sting/(Percival Robertson) from 127.0.0.1
[04:00:21]ADMIN: S_Sting/(Percival Robertson) jumped to 137,125,1 in Kitchen
[04:00:36]ADMIN: S_Sting/(Percival Robertson) jumped to 138,129,1 in Starboard Primary Hallway
[04:00:43]ADMIN: S_Sting/(Percival Robertson) jumped to 168,125,1 in Chemistry
[04:02:06]SAY: Ian/ : Woof!
[04:03:03]ACCESS: Logout: S_Sting/(Percival Robertson)


Starting up. 04:04.23
---------------------
Dear Diary....


[04:04:23]ADMIN: Loading jobban_rank
[04:04:23]ADMIN: jobban_keylist was empty
[04:04:23]ADMIN: Updating jobbanfile!
[04:04:23]ADMIN: Loading Banlist
[04:06:38]ADMIN: S_Sting has started the game.
[04:06:42]ADMIN: S_Sting has started the game.
[04:06:42]ACCESS: Logout: *no client*/(S_Sting)
[04:06:42]ACCESS: Login: S_Sting/(Percival Robertson) from 127.0.0.1
[04:07:46]SAY: Percival Robertson/S_Sting : раз
[04:07:49]SAY: Percival Robertson/S_Sting : два
[04:09:07]ADMIN: S_Sting/(Percival Robertson) modified Percival Robertson's flags to 4096
[04:09:10]SAY: Percival Robertson/S_Sting : &lt;SPAN CLASS=helium&gt;раз&lt;/SPAN&gt;
[04:09:17]SAY: Percival Robertson/S_Sting : два
[04:11:59]GAME: SQL ERROR during player polling. Failed to connect.
[04:12:34]ACCESS: Logout: S_Sting/(Percival Robertson)
[04:14:35]ACCESS: Login: S_Sting/(Percival Robertson) from 127.0.0.1
[04:14:38]ACCESS: Logout: S_Sting/(Percival Robertson)


Starting up. 04:16.09
---------------------
Dear Diary....


[04:16:09]ADMIN: Loading jobban_rank
[04:16:09]ADMIN: jobban_keylist was empty
[04:16:09]ADMIN: Updating jobbanfile!
[04:16:09]ADMIN: Loading Banlist
[04:17:08]ADMIN: S_Sting has started the game.
[04:17:15]ADMIN: S_Sting has started the game.
[04:17:15]ACCESS: Logout: *no client*/(S_Sting)
[04:17:15]ACCESS: Login: S_Sting/(Percival Robertson) from 127.0.0.1
[04:18:03]ADMIN: S_Sting/(Percival Robertson) modified Percival Robertson's flags to 4096
[04:18:06]SAY: Percival Robertson/S_Sting : &#39;&lt;SPAN CLASS=helium&gt;g&lt;/SPAN&gt;&#39;
[04:18:09]SAY: Percival Robertson/S_Sting : пвап
[04:18:48]ADMIN: S_Sting/(Percival Robertson) jumped to 168,124,1 in Chemistry
[04:19:10]SAY: Ian/ : Bark!
[04:19:53]SAY: Ian/ : YAP
[04:19:59]ADMIN: S_Sting/(Percival Robertson) jumped to 164,129,1 in Starboard Primary Hallway
[04:20:05]ADMIN: S_Sting/(Percival Robertson) jumped to 135,124,1 in Kitchen
[04:20:25]ADMIN: S_Sting/(Percival Robertson) spawned /obj/item/weapon/reagent_containers/food/snacks/grown/mushroom/plumphelmet at (133,123,1)
[04:20:36]ADMIN: S_Sting/(Percival Robertson) spawned /obj/item/weapon/reagent_containers/food/snacks/flour at (133,123,1)
[04:21:05]ADMIN: S_Sting/(Percival Robertson) jumped to 138,128,1 in Starboard Primary Hallway
[04:21:11]ADMIN: S_Sting/(Percival Robertson) jumped to 167,126,1 in Chemistry
[04:22:32]GAME: SQL ERROR during player polling. Failed to connect.
[04:23:13]ACCESS: Logout: S_Sting/(Percival Robertson)
