

Starting up. 14:40.43
---------------------
Dear Diary....


[14:40:43]ADMIN: Loading jobban_rank
[14:40:43]ADMIN: jobban_keylist was empty
[14:40:43]ADMIN: Updating jobbanfile!
[14:40:43]ADMIN: Loading Banlist
[14:47:05]ADMIN: Difilex has started the game.
[14:47:05]ACCESS: Logout: *no client*/(Difilex)
[14:47:05]ACCESS: Login: Difilex/(Colton Cobb) from 127.0.0.1
[14:48:29]ADMIN: Difilex/(Colton Cobb) created a /mob/living/carbon/monkey
[14:48:31]ADMIN: Difilex/(Colton Cobb) created a /mob/living/carbon/human
[14:49:06]ACCESS: Logout: Difilex/(Colton Cobb)


Starting up. 15:16.45
---------------------
Dear Diary....


[15:16:45]ADMIN: Loading jobban_rank
[15:16:45]ADMIN: jobban_keylist was empty
[15:16:45]ADMIN: Updating jobbanfile!
[15:16:45]ADMIN: Loading Banlist
[15:18:43]ACCESS: Logout: Difilex/(Difilex)


Starting up. 15:33.07
---------------------
Dear Diary....


[15:33:07]ADMIN: Loading jobban_rank
[15:33:07]ADMIN: jobban_keylist was empty
[15:33:07]ADMIN: Updating jobbanfile!
[15:33:07]ADMIN: Loading Banlist
[15:36:06]ADMIN: Difilex has started the game.
[15:36:07]ACCESS: Logout: *no client*/(Difilex)
[15:36:07]ACCESS: Login: Difilex/(Colton Cobb) from 127.0.0.1
[15:36:25]ACCESS: Logout: Difilex/(Colton Cobb)


Starting up. 15:36.57
---------------------
Dear Diary....


[15:36:57]ADMIN: Loading jobban_rank
[15:36:57]ADMIN: jobban_keylist was empty
[15:36:57]ADMIN: Updating jobbanfile!
[15:36:57]ADMIN: Loading Banlist
[15:37:45]ADMIN: Difilex has started the game.
[15:37:45]ACCESS: Logout: *no client*/(Difilex)
[15:37:45]ACCESS: Login: Difilex/(Colton Cobb) from 127.0.0.1
[15:37:51]ACCESS: Logout: Difilex/(Colton Cobb)


Starting up. 15:38.20
---------------------
Dear Diary....


[15:38:20]ADMIN: Loading jobban_rank
[15:38:20]ADMIN: jobban_keylist was empty
[15:38:20]ADMIN: Updating jobbanfile!
[15:38:20]ADMIN: Loading Banlist
[15:42:04]ADMIN: Difilex has started the game.
[15:42:04]ACCESS: Logout: *no client*/(Difilex)
[15:42:04]ACCESS: Login: Difilex/(Colton Cobb) from 127.0.0.1
[15:42:06]ACCESS: Logout: Difilex/(Colton Cobb)


Starting up. 15:42.33
---------------------
Dear Diary....


[15:42:33]ADMIN: Loading jobban_rank
[15:42:33]ADMIN: jobban_keylist was empty
[15:42:33]ADMIN: Updating jobbanfile!
[15:42:33]ADMIN: Loading Banlist
[15:43:29]ACCESS: Logout: Difilex/(Difilex)


Starting up. 15:46.46
---------------------
Dear Diary....


[15:46:46]ADMIN: Loading jobban_rank
[15:46:46]ADMIN: jobban_keylist was empty
[15:46:46]ADMIN: Updating jobbanfile!
[15:46:46]ADMIN: Loading Banlist
[15:48:40]ADMIN: Difilex has started the game.
[15:48:47]ADMIN: Difilex has started the game.
[15:49:00]ADMIN: Difilex/(Difilex) set the mode as changeling.
[15:49:04]ADMIN: Difilex has started the game.
[15:49:06]ADMIN: Difilex/(Difilex) set the mode as extended.
[15:49:07]ADMIN: Difilex has started the game.
[15:49:11]ACCESS: Logout: *no client*/(Difilex)
[15:49:11]ACCESS: Login: Difilex/(Colton Cobb) from 127.0.0.1
[15:49:24]ADMIN: Difilex/(Colton Cobb) jumped to 101,126,1 in Captain's Quarters
[15:49:40]ACCESS: Logout: Difilex/(Colton Cobb)


Starting up. 15:51.50
---------------------
Dear Diary....


[15:51:50]ADMIN: Loading jobban_rank
[15:51:50]ADMIN: jobban_keylist was empty
[15:51:50]ADMIN: Updating jobbanfile!
[15:51:50]ADMIN: Loading Banlist
[15:52:37]ADMIN: Difilex has started the game.
[15:52:41]ACCESS: Logout: *no client*/(Difilex)
[15:52:41]ACCESS: Login: Difilex/(Colton Cobb) from 127.0.0.1
[15:54:09]SAY: Ian/ : YAP
[15:54:53]ADMIN: Difilex/(Colton Cobb) created a /mob/living/carbon/alien
[15:54:58]ADMIN: Difilex/(Colton Cobb) deleted the alien at (91,141,1)
[15:55:00]ADMIN: Difilex/(Colton Cobb) created a /mob/living/carbon/human
[15:56:27]EMOTE: human/ : <B>The human</B> gasps!
[15:56:33]EMOTE: human/ : <B>The human</B> gasps!
[15:56:35]EMOTE: human/ : <B>The human</B> seizes up and falls limp, his eyes dead and lifeless...
[15:56:53]ACCESS: Logout: Difilex/(Colton Cobb)


Starting up. 16:11.31
---------------------
Dear Diary....


[16:11:31]ADMIN: Loading jobban_rank
[16:11:31]ADMIN: jobban_keylist was empty
[16:11:31]ADMIN: Updating jobbanfile!
[16:11:31]ADMIN: Loading Banlist
[16:12:50]ADMIN: Difilex has started the game.
[16:12:55]ACCESS: Logout: *no client*/(Difilex)
[16:12:55]ACCESS: Login: Difilex/(Colton Cobb) from 127.0.0.1
[16:13:00]SAY: Ian/ : AUUUUUU
[16:15:27]SAY: Ian/ : AUUUUUU
[16:18:17]GAME: SQL ERROR during player polling. Failed to connect.
[16:18:48]SAY: Ian/ : YAP
[16:19:22]GAME: SQL ERROR during admin polling. Failed to connect.
[16:20:43]SAY: Ian/ : Bark!
[16:21:18]GAME: Explosion with size (0, 1, 5) in area Aft Starboard Maintenance 
[16:30:09]GAME: SQL ERROR during player polling. Failed to connect.
[16:31:14]GAME: SQL ERROR during admin polling. Failed to connect.
[16:37:07]GAME: Explosion with size (-1, 0, 2) in area Engineering 
[16:38:38]ACCESS: Logout: Difilex/(Colton Cobb)


Starting up. 17:09.28
---------------------
Dear Diary....


[17:09:28]ADMIN: Loading jobban_rank
[17:09:28]ADMIN: jobban_keylist was empty
[17:09:28]ADMIN: Updating jobbanfile!
[17:09:28]ADMIN: Loading Banlist
[17:12:58]ADMIN: Difilex has started the game.
[17:13:03]ACCESS: Logout: *no client*/(Difilex)
[17:13:03]ACCESS: Login: Difilex/(Colton Cobb) from 127.0.0.1
[17:13:31]SAY: Ian/ : Bark!
[17:13:58]ACCESS: Logout: Difilex/(Colton Cobb)


Starting up. 18:14.13
---------------------
Dear Diary....


[18:14:13]ADMIN: Loading jobban_rank
[18:14:13]ADMIN: jobban_keylist was empty
[18:14:13]ADMIN: Updating jobbanfile!
[18:14:13]ADMIN: Loading Banlist
[18:15:14]ADMIN: Difilex has started the game.
[18:15:17]ACCESS: Logout: *no client*/(Difilex)
[18:15:17]ACCESS: Login: Difilex/(Colton Cobb) from 127.0.0.1
[18:16:57]ACCESS: Logout: Difilex/(Colton Cobb)
[18:17:32]ACCESS: Login: Difilex/(Colton Cobb) from 127.0.0.1
[18:18:15]ACCESS: Logout: Difilex/(Colton Cobb)


Starting up. 19:11.16
---------------------
Dear Diary....


[19:11:16]ADMIN: Loading jobban_rank
[19:11:16]ADMIN: jobban_keylist was empty
[19:11:16]ADMIN: Updating jobbanfile!
[19:11:16]ADMIN: Loading Banlist
[19:12:07]ADMIN: Difilex has started the game.
[19:12:11]ACCESS: Logout: *no client*/(Difilex)
[19:12:11]ACCESS: Login: Difilex/(Colton Cobb) from 127.0.0.1
[19:13:02]ACCESS: Logout: Difilex/(Colton Cobb)


Starting up. 19:23.48
---------------------
Dear Diary....


[19:23:48]ADMIN: Loading jobban_rank
[19:23:48]ADMIN: jobban_keylist was empty
[19:23:48]ADMIN: Updating jobbanfile!
[19:23:48]ADMIN: Loading Banlist
[19:25:48]ADMIN: Difilex has started the game.
[19:25:52]ACCESS: Logout: *no client*/(Difilex)
[19:25:52]ACCESS: Login: Difilex/(Colton Cobb) from 127.0.0.1
[19:26:23]ACCESS: Logout: Difilex/(Colton Cobb)
[19:34:06]ACCESS: Login: Difilex/(Colton Cobb) from 127.0.0.1
[19:35:02]ADMIN: Difilex/(Colton Cobb) jumped to 128,135,1 in Central Primary Hallway
[19:35:07]ADMIN: Difilex/(Colton Cobb) jumped to 134,123,1 in Kitchen
[19:35:14]ADMIN: Difilex/(Colton Cobb) jumped to 143,123,1 in Bar
[19:35:51]ACCESS: Logout: Difilex/(Colton Cobb)
