

Starting up. 00:09.25
---------------------
Dear Diary....


[00:09:25]ADMIN: Loading jobban_rank
[00:09:25]ADMIN: jobban_keylist was empty
[00:09:25]ADMIN: Updating jobbanfile!
[00:09:25]ADMIN: Loading Banlist
[00:11:32]ADMIN: Difilex/(Difilex) set the mode as traitor.
[00:11:56]ADMIN: Difilex has started the game.
[00:11:56]ACCESS: Logout: *no client*/(Difilex)
[00:11:56]ACCESS: Login: Difilex/(Colton Cobb) from 127.0.0.1
[00:12:27]SAY: Ian/ : YAP
[00:13:27]ADMIN: Difilex/(Colton Cobb) has granted Difilex full access.
[00:13:47]ACCESS: Logout: Difilex/(Colton Cobb)


Starting up. 00:16.01
---------------------
Dear Diary....


[00:16:01]ADMIN: Loading jobban_rank
[00:16:01]ADMIN: jobban_keylist was empty
[00:16:01]ADMIN: Updating jobbanfile!
[00:16:01]ADMIN: Loading Banlist
[00:18:29]ADMIN: Difilex has started the game.
[00:18:29]ACCESS: Logout: *no client*/(Difilex)
[00:18:29]ACCESS: Login: Difilex/(Colton Cobb) from 127.0.0.1
[00:20:47]SAY: Ian/ : Woof!
[00:23:51]GAME: SQL ERROR during player polling. Failed to connect.
[00:24:41]ACCESS: Logout: Difilex/(Colton Cobb)


Starting up. 08:50.15
---------------------
Dear Diary....


[08:50:15]ADMIN: Loading jobban_rank
[08:50:15]ADMIN: jobban_keylist was empty
[08:50:15]ADMIN: Updating jobbanfile!
[08:50:15]ADMIN: Loading Banlist
[08:51:04]ADMIN: Difilex has started the game.
[08:51:04]ACCESS: Logout: *no client*/(Difilex)
[08:51:04]ACCESS: Login: Difilex/(Colton Cobb) from 127.0.0.1
[08:51:28]ADMIN: Difilex/(Colton Cobb) has granted Difilex full access.
[08:54:07]ACCESS: Logout: Difilex/(Colton Cobb)


Starting up. 09:15.20
---------------------
Dear Diary....


[09:15:20]ADMIN: Loading jobban_rank
[09:15:20]ADMIN: jobban_keylist was empty
[09:15:20]ADMIN: Updating jobbanfile!
[09:15:20]ADMIN: Loading Banlist
[09:16:28]ADMIN: Difilex has started the game.
[09:16:28]ACCESS: Logout: *no client*/(Difilex)
[09:16:28]ACCESS: Login: Difilex/(Colton Cobb) from 127.0.0.1
[09:19:21]ACCESS: Logout: Difilex/(Colton Cobb)


Starting up. 09:59.57
---------------------
Dear Diary....


[09:59:57]ADMIN: Loading jobban_rank
[09:59:57]ADMIN: jobban_keylist was empty
[09:59:57]ADMIN: Updating jobbanfile!
[09:59:57]ADMIN: Loading Banlist
[10:01:32]ADMIN: Difilex has started the game.
[10:01:32]ACCESS: Logout: *no client*/(Difilex)
[10:01:32]ACCESS: Login: Difilex/(Colton Cobb) from 127.0.0.1
[10:01:47]SAY: Ian/ : YAP
[10:06:54]GAME: SQL ERROR during player polling. Failed to connect.
[10:08:00]GAME: SQL ERROR during admin polling. Failed to connect.
[10:16:21]ACCESS: Logout: Difilex/(Colton Cobb)


Starting up. 10:53.33
---------------------
Dear Diary....


[10:53:33]ADMIN: Loading jobban_rank
[10:53:33]ADMIN: jobban_keylist was empty
[10:53:33]ADMIN: Updating jobbanfile!
[10:53:33]ADMIN: Loading Banlist


Starting up. 15:06.34
---------------------
Dear Diary....


[15:06:34]ADMIN: Loading jobban_rank
[15:06:34]ADMIN: jobban_keylist was empty
[15:06:34]ADMIN: Updating jobbanfile!
[15:06:34]ADMIN: Loading Banlist
[15:07:17]ADMIN: Difilex has started the game.
[15:07:18]ACCESS: Logout: *no client*/(Difilex)
[15:07:18]ACCESS: Login: Difilex/(Colton Cobb) from 127.0.0.1
[15:09:23]ACCESS: Logout: Difilex/(Colton Cobb)


Starting up. 15:23.15
---------------------
Dear Diary....


[15:23:15]ADMIN: Loading jobban_rank
[15:23:15]ADMIN: jobban_keylist was empty
[15:23:15]ADMIN: Updating jobbanfile!
[15:23:15]ADMIN: Loading Banlist
[15:23:54]ADMIN: Difilex has started the game.
[15:23:54]ACCESS: Logout: *no client*/(Difilex)
[15:23:54]ACCESS: Login: Difilex/(Colton Cobb) from 127.0.0.1
[15:24:18]ACCESS: Logout: Difilex/(Colton Cobb)


Starting up. 16:38.15
---------------------
Dear Diary....


[16:38:15]ADMIN: Loading jobban_rank
[16:38:15]ADMIN: jobban_keylist was empty
[16:38:15]ADMIN: Updating jobbanfile!
[16:38:15]ADMIN: Loading Banlist
[16:40:11]ADMIN: Difilex has started the game.
[16:40:12]ACCESS: Logout: *no client*/(Difilex)
[16:40:12]ACCESS: Login: Difilex/(Colton Cobb) from 127.0.0.1
[16:44:03]SAY: Ian/ : AUUUUUU
[16:45:33]GAME: SQL ERROR during player polling. Failed to connect.
[16:46:41]GAME: SQL ERROR during admin polling. Failed to connect.
[16:46:45]ADMIN: Difilex/(Colton Cobb) created a /obj/item/weapon/gun/projectile/shotgun/combat
[16:47:40]EMOTE: Colton Cobb/Difilex : <B>Colton Cobb</B> gasps!
[16:47:52]EMOTE: Colton Cobb/Difilex : <B>Colton Cobb</B> gasps!
[16:47:58]EMOTE: Colton Cobb/Difilex : <B>Colton Cobb</B> gasps!
[16:48:04]EMOTE: Colton Cobb/Difilex : <B>Colton Cobb</B> gasps!
[16:48:18]EMOTE: Colton Cobb/Difilex : <B>Colton Cobb</B> seizes up and falls limp, his eyes dead and lifeless...
[16:48:19]GAME: SQL ERROR during death reporting. Failed to connect.
[16:48:19]GAME: Traitor Difilex/(Colton Cobb) has died.
[16:48:25]ACCESS: Logout: *no client*/(Colton Cobb)
[16:48:25]ACCESS: Login: Difilex/(Colton Cobb) from 127.0.0.1
[16:48:36]SAY: Ian/ : Bark!
[16:48:36]ACCESS: Logout: Difilex/(Colton Cobb)


Starting up. 17:01.11
---------------------
Dear Diary....


[17:01:11]ADMIN: Loading jobban_rank
[17:01:11]ADMIN: jobban_keylist was empty
[17:01:11]ADMIN: Updating jobbanfile!
[17:01:11]ADMIN: Loading Banlist
[17:07:59]ADMIN: Difilex has started the game.
[17:07:59]ACCESS: Logout: *no client*/(Difilex)
[17:07:59]ACCESS: Login: Difilex/(Colton Cobb) from 127.0.0.1
[17:09:07]ADMIN: Difilex/(Colton Cobb) deleted the light fixture at (147,107,1)
[17:10:18]ADMIN: Difilex/(Colton Cobb) healed / revived Difilex/(Colton Cobb)
[17:12:23]ACCESS: Logout: Difilex/(Colton Cobb)


Starting up. 19:34.49
---------------------
Dear Diary....


[19:34:49]ADMIN: Loading jobban_rank
[19:34:49]ADMIN: jobban_keylist was empty
[19:34:49]ADMIN: Updating jobbanfile!
[19:34:49]ADMIN: Loading Banlist
[19:35:38]ADMIN: Difilex has started the game.
[19:35:38]ACCESS: Logout: *no client*/(Difilex)
[19:35:38]ACCESS: Login: Difilex/(Colton Cobb) from 127.0.0.1
[19:36:53]ACCESS: Logout: Difilex/(Colton Cobb)


Starting up. 19:43.07
---------------------
Dear Diary....


[19:43:07]ADMIN: Loading jobban_rank
[19:43:07]ADMIN: jobban_keylist was empty
[19:43:07]ADMIN: Updating jobbanfile!
[19:43:07]ADMIN: Loading Banlist
[19:43:46]ADMIN: Difilex has started the game.
[19:43:46]ACCESS: Logout: *no client*/(Difilex)
[19:43:46]ACCESS: Login: Difilex/(Colton Cobb) from 127.0.0.1
[19:47:11]ACCESS: Logout: Difilex/(Colton Cobb)


Starting up. 19:57.30
---------------------
Dear Diary....


[19:57:30]ADMIN: Loading jobban_rank
[19:57:30]ADMIN: jobban_keylist was empty
[19:57:30]ADMIN: Updating jobbanfile!
[19:57:30]ADMIN: Loading Banlist
[19:58:28]ADMIN: Difilex has started the game.
[19:58:29]ACCESS: Logout: *no client*/(Difilex)
[19:58:29]ACCESS: Login: Difilex/(Colton Cobb) from 127.0.0.1
[19:59:20]ACCESS: Logout: Difilex/(Colton Cobb)


Starting up. 20:14.40
---------------------
Dear Diary....


[20:14:40]ADMIN: Loading jobban_rank
[20:14:40]ADMIN: jobban_keylist was empty
[20:14:40]ADMIN: Updating jobbanfile!
[20:14:40]ADMIN: Loading Banlist
[20:15:54]ADMIN: Difilex has started the game.
[20:15:54]ACCESS: Logout: *no client*/(Difilex)
[20:15:54]ACCESS: Login: Difilex/(Colton Cobb) from 127.0.0.1
[20:16:27]SAY: Ian/ : AUUUUUU
[20:17:58]ADMIN: Difilex/(Colton Cobb) healed / revived Difilex/(Colton Cobb)
[20:18:06]SAY: Ian/ : Bark!
[20:18:36]ACCESS: Logout: Difilex/(Colton Cobb)


Starting up. 21:08.48
---------------------
Dear Diary....


[21:08:48]ADMIN: Loading jobban_rank
[21:08:48]ADMIN: jobban_keylist was empty
[21:08:48]ADMIN: Updating jobbanfile!
[21:08:48]ADMIN: Loading Banlist
[21:09:33]ADMIN: Difilex has started the game.
[21:09:44]ADMIN: Difilex/(Difilex) set the mode as extended.
[21:09:48]ADMIN: Difilex has started the game.
[21:09:59]ACCESS: Logout: *no client*/(Difilex)
[21:09:59]ACCESS: Login: Difilex/(Colton Cobb) from 127.0.0.1
[21:10:18]ACCESS: Logout: Difilex/(Colton Cobb)
