

Starting up. 01:54.45
---------------------
Dear Diary....


[01:54:45]ADMIN: Loading jobban_rank
[01:54:45]ADMIN: jobban_keylist was empty
[01:54:45]ADMIN: Updating jobbanfile!
[01:54:45]ADMIN: Loading Banlist
[01:55:48]ADMIN: Difilex has started the game.
[01:55:51]ACCESS: Logout: *no client*/(Difilex)
[01:55:51]ACCESS: Login: Difilex/(Colton Cobb) from 127.0.0.1
[01:57:31]ACCESS: Logout: Difilex/(Colton Cobb)


Starting up. 13:46.49
---------------------
Dear Diary....


[13:46:49]ADMIN: Loading jobban_rank
[13:46:49]ADMIN: jobban_keylist was empty
[13:46:49]ADMIN: Updating jobbanfile!
[13:46:49]ADMIN: Loading Banlist


Starting up. 13:48.35
---------------------
Dear Diary....


[13:48:35]ADMIN: Loading jobban_rank
[13:48:35]ADMIN: jobban_keylist was empty
[13:48:35]ADMIN: Updating jobbanfile!
[13:48:35]ADMIN: Loading Banlist
[13:49:59]ADMIN: Difilex has started the game.
[13:50:03]ACCESS: Logout: *no client*/(Difilex)
[13:50:03]ACCESS: Login: Difilex/(Colton Cobb) from 127.0.0.1
[13:51:38]ACCESS: Logout: Difilex/(Colton Cobb)


Starting up. 14:57.30
---------------------
Dear Diary....


[14:57:30]ADMIN: Loading jobban_rank
[14:57:30]ADMIN: jobban_keylist was empty
[14:57:30]ADMIN: Updating jobbanfile!
[14:57:30]ADMIN: Loading Banlist
[14:58:00]ADMIN: Difilex/(Difilex) set the mode as traitor.
[14:58:10]ADMIN: Difilex has started the game.
[14:58:10]ACCESS: Logout: *no client*/(Difilex)
[14:58:10]ACCESS: Login: Difilex/(Colton Cobb) from 127.0.0.1
[14:58:58]ADMIN: Difilex/(Colton Cobb) deleted the reinforced window at (112,138,1)
[14:59:01]ADMIN: Difilex/(Colton Cobb) deleted the reinforced window at (114,138,1)
[14:59:28]ACCESS: Logout: Difilex/(Colton Cobb)


Starting up. 15:20.19
---------------------
Dear Diary....


[15:20:19]ADMIN: Loading jobban_rank
[15:20:19]ADMIN: jobban_keylist was empty
[15:20:19]ADMIN: Updating jobbanfile!
[15:20:19]ADMIN: Loading Banlist
[15:20:57]ADMIN: Difilex has started the game.
[15:21:00]ADMIN: Difilex has started the game.
[15:21:01]ACCESS: Logout: *no client*/(Difilex)
[15:21:01]ACCESS: Login: Difilex/(Colton Cobb) from 127.0.0.1
[15:21:33]SAY: Difilex/(Colton Cobb) has made a captain announcement: ¬нимание, экипаж, мы пробудились.
[15:21:41]SAY: Colton Cobb/Difilex : я хочу ебаться
[15:22:45]SAY: Difilex/(Colton Cobb) has made a captain announcement: ¬нимание хочу ебатьс[15:25:53]ACCESS: Logout: Difilex/(Colton Cobb)


Starting up. 16:26.49
---------------------
Dear Diary....


[16:26:49]ADMIN: Loading jobban_rank
[16:26:49]ADMIN: jobban_keylist was empty
[16:26:49]ADMIN: Updating jobbanfile!
[16:26:49]ADMIN: Loading Banlist
[16:27:39]ADMIN: Difilex has started the game.
[16:27:39]ACCESS: Logout: *no client*/(Difilex)
[16:27:39]ACCESS: Login: Difilex/(Colton Cobb) from 127.0.0.1
[16:28:10]ADMIN: Difilex/(Colton Cobb) created a /mob/living/carbon/human
[16:28:34]SAY: Ian/ : YAP
[16:28:46]ACCESS: Logout: *no client*/(Colton Cobb)
[16:28:46]ACCESS: Login: difilex/(human) from 127.0.0.1
[16:28:46]ADMIN: Difilex/(human) modified human's ckey to difilex
[16:28:58]ACCESS: Logout: *no client*/(human)
[16:28:58]ACCESS: Login: difilex/(Colton Cobb) from 127.0.0.1
[16:28:59]ADMIN: Difilex/(Colton Cobb) modified Colton Cobb's ckey to difilex
[16:29:40]ACCESS: Logout: *no client*/(Colton Cobb)
[16:29:40]ACCESS: Login: difilex/(human) from 127.0.0.1
[16:29:40]ADMIN: Difilex/(human) modified human's ckey to difilex
[16:29:50]ACCESS: Logout: *no client*/(human)
[16:29:50]ACCESS: Login: difilex/(Colton Cobb) from 127.0.0.1
[16:29:50]ADMIN: Difilex/(Colton Cobb) modified Colton Cobb's ckey to difilex
[16:29:50]SAY: Ian/ : Bark!
[16:30:43]ACCESS: Logout: difilex/(Colton Cobb)


Starting up. 16:33.17
---------------------
Dear Diary....


[16:33:17]ADMIN: Loading jobban_rank
[16:33:17]ADMIN: jobban_keylist was empty
[16:33:17]ADMIN: Updating jobbanfile!
[16:33:17]ADMIN: Loading Banlist
[16:34:05]ADMIN: Difilex has started the game.
[16:34:05]ACCESS: Logout: *no client*/(Difilex)
[16:34:05]ACCESS: Login: Difilex/(Colton Cobb) from 127.0.0.1
[16:34:31]ADMIN: Difilex/(Colton Cobb) created a /mob/living/carbon/human
[16:34:47]ACCESS: Logout: *no client*/(Colton Cobb)
[16:34:47]ACCESS: Login: difilex/(human) from 127.0.0.1
[16:34:47]ADMIN: Difilex/(human) modified human's ckey to difilex
[16:38:05]SAY: Ian/ : Bark!
[16:39:02]ACCESS: Logout: difilex/(human)


Starting up. 16:42.48
---------------------
Dear Diary....


[16:42:48]ADMIN: Loading jobban_rank
[16:42:48]ADMIN: jobban_keylist was empty
[16:42:48]ADMIN: Updating jobbanfile!
[16:42:48]ADMIN: Loading Banlist
[16:43:47]ADMIN: Difilex has started the game.
[16:43:48]ACCESS: Logout: *no client*/(Difilex)
[16:43:48]ACCESS: Login: Difilex/(Colton Cobb) from 127.0.0.1
[16:44:08]ADMIN: Difilex/(Colton Cobb) created a /mob/living/carbon/human
[16:44:26]ACCESS: Logout: *no client*/(Colton Cobb)
[16:44:26]ACCESS: Login: difilex/(human) from 127.0.0.1
[16:44:26]ADMIN: Difilex/(human) modified human's ckey to difilex
[16:44:38]ACCESS: Logout: *no client*/(human)
[16:44:38]ACCESS: Login: difilex/(Colton Cobb) from 127.0.0.1
[16:44:38]ADMIN: Difilex/(Colton Cobb) modified Colton Cobb's ckey to difilex
[16:47:34]ACCESS: Logout: difilex/(Colton Cobb)


Starting up. 16:51.39
---------------------
Dear Diary....


[16:51:39]ADMIN: Loading jobban_rank
[16:51:39]ADMIN: jobban_keylist was empty
[16:51:39]ADMIN: Updating jobbanfile!
[16:51:39]ADMIN: Loading Banlist
[16:53:02]ADMIN: Difilex has started the game.
[16:53:03]ACCESS: Logout: *no client*/(Difilex)
[16:53:03]ACCESS: Login: Difilex/(Colton Cobb) from 127.0.0.1
[16:58:22]GAME: SQL ERROR during player polling. Failed to connect.
[16:59:27]GAME: SQL ERROR during admin polling. Failed to connect.
[17:02:41]ACCESS: Logout: Difilex/(Colton Cobb)


Starting up. 17:47.04
---------------------
Dear Diary....


[17:47:04]ADMIN: Loading jobban_rank
[17:47:04]ADMIN: jobban_keylist was empty
[17:47:04]ADMIN: Updating jobbanfile!
[17:47:04]ADMIN: Loading Banlist
[17:47:59]ADMIN: Difilex has started the game.
[17:47:59]ACCESS: Logout: *no client*/(Check Skills)
[17:47:59]ACCESS: Login: Difilex/(Colton Cobb) from 127.0.0.1
[17:48:18]SAY: Ian/ : Bark!
[17:51:27]SAY: Ian/ : YAP
[17:51:29]ACCESS: Logout: Difilex/(Colton Cobb)


Starting up. 17:57.48
---------------------
Dear Diary....


[17:57:48]ADMIN: Loading jobban_rank
[17:57:48]ADMIN: jobban_keylist was empty
[17:57:48]ADMIN: Updating jobbanfile!
[17:57:48]ADMIN: Loading Banlist
[17:58:24]ADMIN: Difilex has started the game.
[17:58:25]ACCESS: Logout: *no client*/(Difilex)
[17:58:25]ACCESS: Login: Difilex/(Colton Cobb) from 127.0.0.1
[18:01:06]ADMIN: Difilex/(Colton Cobb) modified Colton Cobb's cigaretes_need to 20
[18:01:14]ADMIN: Difilex/(Colton Cobb) modified Colton Cobb's cigaretes_need to 21
[18:01:50]SAY: Ian/ : AUUUUUU
[18:03:13]ACCESS: Logout: Difilex/(Colton Cobb)


Starting up. 18:12.08
---------------------
Dear Diary....


[18:12:08]ADMIN: Loading jobban_rank
[18:12:08]ADMIN: jobban_keylist was empty
[18:12:08]ADMIN: Updating jobbanfile!
[18:12:08]ADMIN: Loading Banlist
[18:12:39]ADMIN: Difilex has started the game.
[18:12:39]ACCESS: Logout: *no client*/(Difilex)
[18:12:39]ACCESS: Login: Difilex/(Colton Cobb) from 127.0.0.1
[18:13:07]ADMIN: Difilex/(Colton Cobb) modified Colton Cobb's addiction to Ќикотин
[18:14:37]ADMIN: Difilex/(Colton Cobb) modified Colton Cobb's cigarettes_need to 100
[18:15:43]ACCESS: Logout: Difilex/(Colton Cobb)


Starting up. 18:33.07
---------------------
Dear Diary....


[18:33:07]ADMIN: Loading jobban_rank
[18:33:07]ADMIN: jobban_keylist was empty
[18:33:07]ADMIN: Updating jobbanfile!
[18:33:07]ADMIN: Loading Banlist
[18:39:03]ADMIN: Difilex has started the game.
[18:39:03]ACCESS: Logout: *no client*/(Difilex)
[18:39:03]ACCESS: Login: Difilex/(Colton Cobb) from 127.0.0.1
[18:40:38]SAY: Ian/ : Bark!
[18:42:25]ACCESS: Logout: Difilex/(Colton Cobb)


Starting up. 18:47.07
---------------------
Dear Diary....


[18:47:07]ADMIN: Loading jobban_rank
[18:47:07]ADMIN: jobban_keylist was empty
[18:47:07]ADMIN: Updating jobbanfile!
[18:47:07]ADMIN: Loading Banlist
[18:48:26]ADMIN: Difilex has started the game.
[18:48:27]ACCESS: Logout: *no client*/(Difilex)
[18:48:27]ACCESS: Login: Difilex/(Colton Cobb) from 127.0.0.1
[18:49:29]SAY: Ian/ : AUUUUUU
[18:52:37]SAY: Ian/ : AUUUUUU
[18:53:46]GAME: SQL ERROR during player polling. Failed to connect.
[18:54:21]ADMIN: Difilex/(Colton Cobb) modified Cigarette's smoketime to 32
[18:54:51]GAME: SQL ERROR during admin polling. Failed to connect.
[18:56:26]ACCESS: Logout: Difilex/(Colton Cobb)
