

Starting up. 01:18.12
---------------------
Dear Diary....


[01:18:12]ADMIN: Loading jobban_rank
[01:18:12]ADMIN: jobban_keylist was empty
[01:18:12]ADMIN: Updating jobbanfile!
[01:18:12]ADMIN: Loading Banlist
[01:25:43]ADMIN: Difilex has started the game.
[01:25:43]ACCESS: Logout: *no client*/(Difilex)
[01:25:43]ACCESS: Login: Difilex/(Colton Cobb) from 127.0.0.1
[01:27:03]SAY: John Cobb/ : Что же делать, мамочки...
[01:27:33]SAY: John Cobb/ : Ой-ой...
[01:27:35]ACCESS: Logout: Difilex/(Colton Cobb)


Starting up. 15:22.56
---------------------
Dear Diary....


[15:22:56]ADMIN: Loading jobban_rank
[15:22:56]ADMIN: jobban_keylist was empty
[15:22:56]ADMIN: Updating jobbanfile!
[15:22:56]ADMIN: Loading Banlist
[15:23:29]ADMIN: Difilex has started the game.
[15:23:29]ACCESS: Logout: *no client*/(Difilex)
[15:23:29]ACCESS: Login: Difilex/(Colton Cobb) from 127.0.0.1
[15:26:56]ACCESS: Logout: Difilex/(Colton Cobb)
